<?xml version="1.0" encoding="UTF-8"?>
<!-- Generated by org.testng.reporters.JUnitReportReporter -->
<testsuite skipped="0" hostname="DESKTOP-077G3EM" name="com.RingPayScripts.RingPolicy_L3_Scripts" tests="20" failures="0" timestamp="2022-12-28T23:05:40 IST" time="516.562" errors="0">
  <testcase name="userDetailsAPI" time="7.704" classname="com.RingPayScripts.RingPolicy_L3_Scripts"/>
  <system-out/>
  <testcase name="onloadAndroidVersionCheckAPI" time="1.383" classname="com.RingPayScripts.RingPolicy_L3_Scripts"/>
  <system-out/>
  <testcase name="getVPADetails" time="1.830" classname="com.RingPayScripts.RingPolicy_L3_Scripts"/>
  <system-out/>
  <testcase name="sendOtp_Positive" time="8.400" classname="com.RingPayScripts.RingPolicy_L3_Scripts"/>
  <system-out/>
  <testcase name="userToken" time="14.589" classname="com.RingPayScripts.RingPolicy_L3_Scripts"/>
  <system-out/>
  <testcase name="loginUser" time="6.529" classname="com.RingPayScripts.RingPolicy_L3_Scripts"/>
  <system-out/>
  <testcase name="RegularOffer_L3" time="6.848" classname="com.RingPayScripts.RingPolicy_L3_Scripts"/>
  <system-out/>
  <testcase name="registeruser" time="5.927" classname="com.RingPayScripts.RingPolicy_L3_Scripts"/>
  <system-out/>
  <testcase name="updateUserDetils_200" time="121.947" classname="com.RingPayScripts.RingPolicy_L3_Scripts"/>
  <system-out/>
  <testcase name="locationRequire" time="6.124" classname="com.RingPayScripts.RingPolicy_L3_Scripts"/>
  <system-out/>
  <testcase name="getUserDetails_Positive" time="6.254" classname="com.RingPayScripts.RingPolicy_L3_Scripts"/>
  <system-out/>
  <testcase name="user_onboarding_200" time="63.549" classname="com.RingPayScripts.RingPolicy_L3_Scripts"/>
  <system-out/>
  <testcase name="create_bnpl_transaction" time="41.999" classname="com.RingPayScripts.RingPolicy_L3_Scripts"/>
  <system-out/>
  <testcase name="update_user_status_200" time="39.408" classname="com.RingPayScripts.RingPolicy_L3_Scripts"/>
  <system-out/>
  <testcase name="check_Application_Eligibility" time="78.071" classname="com.RingPayScripts.RingPolicy_L3_Scripts"/>
  <system-out/>
  <testcase name="add_addressAPI" time="45.687" classname="com.RingPayScripts.RingPolicy_L3_Scripts"/>
  <system-out/>
  <testcase name="get_Offer_Details" time="13.938" classname="com.RingPayScripts.RingPolicy_L3_Scripts"/>
  <system-out/>
  <testcase name="accept_Offer" time="13.919" classname="com.RingPayScripts.RingPolicy_L3_Scripts"/>
  <system-out/>
  <testcase name="offerDetailsScreen_CheckApplicationEligibility" time="19.628" classname="com.RingPayScripts.RingPolicy_L3_Scripts"/>
  <system-out/>
  <testcase name="RegularOffer_L3_DataBase" time="12.828" classname="com.RingPayScripts.RingPolicy_L3_Scripts"/>
  <system-out/>
</testsuite> <!-- com.RingPayScripts.RingPolicy_L3_Scripts -->
