<?xml version="1.0" encoding="UTF-8"?>
<!-- Generated by org.testng.reporters.JUnitReportReporter -->
<testsuite skipped="0" hostname="DESKTOP-077G3EM" name="com.RingPayScripts.PromoCode_Segment1_Scripts" tests="1" failures="0" timestamp="2023-01-02T18:00:01 IST" time="16.344" errors="0">
  <testcase name="PromoCode_Journey" time="16.344" classname="com.RingPayScripts.PromoCode_Segment1_Scripts"/>
  <system-out/>
</testsuite> <!-- com.RingPayScripts.PromoCode_Segment1_Scripts -->
