<?xml version="1.0" encoding="UTF-8"?>
<!-- Generated by org.testng.reporters.JUnitReportReporter -->
<testsuite skipped="0" hostname="DESKTOP-077G3EM" name="com.RingPayScripts.PromoCode_Segment1_Scripts" tests="1" failures="0" timestamp="2023-02-02T12:04:15 IST" time="288.430" errors="0">
  <testcase name="PromoCode_Journey_Segment1" time="288.430" classname="com.RingPayScripts.PromoCode_Segment1_Scripts"/>
  <system-out/>
</testsuite> <!-- com.RingPayScripts.PromoCode_Segment1_Scripts -->
