<?xml version="1.0" encoding="UTF-8"?>
<!-- Generated by org.testng.reporters.JUnitReportReporter -->
<testsuite skipped="0" hostname="DESKTOP-077G3EM" name="com.RingPayScripts.PromoCode_Scripts_Segment1_Demo" tests="1" failures="0" timestamp="2022-12-31T21:42:21 IST" time="180.378" errors="0">
  <testcase name="PromoCode_Journey" time="180.378" classname="com.RingPayScripts.PromoCode_Scripts_Segment1_Demo"/>
  <system-out/>
</testsuite> <!-- com.RingPayScripts.PromoCode_Scripts_Segment1_Demo -->
