<?xml version="1.0" encoding="UTF-8"?>
<!-- Generated by org.testng.reporters.JUnitReportReporter -->
<testsuite skipped="0" hostname="DESKTOP-077G3EM" name="com.RingPayScripts.PromoCode_Scripts" tests="1" failures="0" timestamp="2022-12-06T17:01:04 IST" time="5.002" errors="0">
  <testcase name="userDetailsAPI" time="5.002" classname="com.RingPayScripts.PromoCode_Scripts"/>
  <system-out/>
</testsuite> <!-- com.RingPayScripts.PromoCode_Scripts -->
