<?xml version="1.0" encoding="UTF-8"?>
<!-- Generated by org.testng.reporters.JUnitReportReporter -->
<testsuite skipped="0" hostname="DESKTOP-077G3EM" name="com.RingPayScripts.MerchantQRCode_Scripts" tests="1" failures="0" timestamp="2023-01-11T14:06:23 IST" time="270.684" errors="0">
  <testcase name="MerChantQRCode_Journey" time="270.684" classname="com.RingPayScripts.MerchantQRCode_Scripts"/>
  <system-out/>
</testsuite> <!-- com.RingPayScripts.MerchantQRCode_Scripts -->
