<?xml version="1.0" encoding="UTF-8"?>
<!-- Generated by org.testng.reporters.JUnitReportReporter -->
<testsuite skipped="0" hostname="DESKTOP-077G3EM" name="com.RingPayScripts.MerchantQRCode_Scripts" tests="1" failures="0" timestamp="2022-12-19T18:19:58 IST" time="7.732" errors="0">
  <testcase name="userDetailsAPI" time="7.732" classname="com.RingPayScripts.MerchantQRCode_Scripts"/>
  <system-out/>
</testsuite> <!-- com.RingPayScripts.MerchantQRCode_Scripts -->
