<?xml version="1.0" encoding="UTF-8"?>
<!-- Generated by org.testng.reporters.JUnitReportReporter -->
<testsuite skipped="0" hostname="DESKTOP-077G3EM" name="com.RingPayScripts.RingPolicy_L2_Scripts" tests="9" failures="0" timestamp="2022-12-23T14:50:26 IST" time="165.642" errors="0">
  <testcase name="userDetailsAPI" time="6.732" classname="com.RingPayScripts.RingPolicy_L2_Scripts"/>
  <system-out/>
  <testcase name="onloadAndroidVersionCheckAPI" time="1.399" classname="com.RingPayScripts.RingPolicy_L2_Scripts"/>
  <system-out/>
  <testcase name="getVPADetails" time="1.583" classname="com.RingPayScripts.RingPolicy_L2_Scripts"/>
  <system-out/>
  <testcase name="sendOtp_Positive" time="8.397" classname="com.RingPayScripts.RingPolicy_L2_Scripts"/>
  <system-out/>
  <testcase name="userToken" time="13.774" classname="com.RingPayScripts.RingPolicy_L2_Scripts"/>
  <system-out/>
  <testcase name="loginUser" time="6.041" classname="com.RingPayScripts.RingPolicy_L2_Scripts"/>
  <system-out/>
  <testcase name="RegularOffer_L2" time="6.553" classname="com.RingPayScripts.RingPolicy_L2_Scripts"/>
  <system-out/>
  <testcase name="registeruser" time="5.608" classname="com.RingPayScripts.RingPolicy_L2_Scripts"/>
  <system-out/>
  <testcase name="updateUserDetils_200" time="115.555" classname="com.RingPayScripts.RingPolicy_L2_Scripts"/>
  <system-out/>
</testsuite> <!-- com.RingPayScripts.RingPolicy_L2_Scripts -->
