<?xml version="1.0" encoding="UTF-8"?>
<!-- Generated by org.testng.reporters.JUnitReportReporter -->
<testsuite skipped="0" hostname="DESKTOP-077G3EM" name="com.RingPayScripts.RingPolicy_BC2_Scripts" tests="20" failures="0" timestamp="2022-12-21T15:36:20 IST" time="511.052" errors="0">
  <testcase name="userDetailsAPI" time="6.768" classname="com.RingPayScripts.RingPolicy_BC2_Scripts"/>
  <system-out/>
  <testcase name="onloadAndroidVersionCheckAPI" time="1.406" classname="com.RingPayScripts.RingPolicy_BC2_Scripts"/>
  <system-out/>
  <testcase name="getVPADetails" time="1.641" classname="com.RingPayScripts.RingPolicy_BC2_Scripts"/>
  <system-out/>
  <testcase name="sendOtp_Positive" time="8.869" classname="com.RingPayScripts.RingPolicy_BC2_Scripts"/>
  <system-out/>
  <testcase name="userToken" time="14.674" classname="com.RingPayScripts.RingPolicy_BC2_Scripts"/>
  <system-out/>
  <testcase name="loginUser" time="6.540" classname="com.RingPayScripts.RingPolicy_BC2_Scripts"/>
  <system-out/>
  <testcase name="RegularOffer_BC2" time="7.096" classname="com.RingPayScripts.RingPolicy_BC2_Scripts"/>
  <system-out/>
  <testcase name="registeruser" time="6.473" classname="com.RingPayScripts.RingPolicy_BC2_Scripts"/>
  <system-out/>
  <testcase name="updateUserDetils_200" time="121.560" classname="com.RingPayScripts.RingPolicy_BC2_Scripts"/>
  <system-out/>
  <testcase name="locationRequire" time="5.698" classname="com.RingPayScripts.RingPolicy_BC2_Scripts"/>
  <system-out/>
  <testcase name="getUserDetails_Positive" time="5.569" classname="com.RingPayScripts.RingPolicy_BC2_Scripts"/>
  <system-out/>
  <testcase name="user_onboarding_200" time="62.632" classname="com.RingPayScripts.RingPolicy_BC2_Scripts"/>
  <system-out/>
  <testcase name="create_bnpl_transaction" time="42.207" classname="com.RingPayScripts.RingPolicy_BC2_Scripts"/>
  <system-out/>
  <testcase name="update_user_status_200" time="38.297" classname="com.RingPayScripts.RingPolicy_BC2_Scripts"/>
  <system-out/>
  <testcase name="check_Application_Eligibility" time="75.406" classname="com.RingPayScripts.RingPolicy_BC2_Scripts"/>
  <system-out/>
  <testcase name="add_addressAPI" time="46.497" classname="com.RingPayScripts.RingPolicy_BC2_Scripts"/>
  <system-out/>
  <testcase name="get_Offer_Details" time="14.236" classname="com.RingPayScripts.RingPolicy_BC2_Scripts"/>
  <system-out/>
  <testcase name="accept_Offer" time="14.023" classname="com.RingPayScripts.RingPolicy_BC2_Scripts"/>
  <system-out/>
  <testcase name="offerDetailsScreen_CheckApplicationEligibility" time="19.244" classname="com.RingPayScripts.RingPolicy_BC2_Scripts"/>
  <system-out/>
  <testcase name="RegularOffer_BC2_DataBase" time="12.216" classname="com.RingPayScripts.RingPolicy_BC2_Scripts"/>
  <system-out/>
</testsuite> <!-- com.RingPayScripts.RingPolicy_BC2_Scripts -->
