<?xml version="1.0" encoding="UTF-8"?>
<!-- Generated by org.testng.reporters.JUnitReportReporter -->
<testsuite skipped="0" hostname="DESKTOP-077G3EM" name="com.RingPayScripts.RingPolicy_BC2_Scripts" tests="1" failures="0" timestamp="2023-01-30T20:29:38 IST" time="169.852" errors="0">
  <testcase name="RingPolicy_BC2" time="169.852" classname="com.RingPayScripts.RingPolicy_BC2_Scripts"/>
  <system-out/>
</testsuite> <!-- com.RingPayScripts.RingPolicy_BC2_Scripts -->
