<?xml version="1.0" encoding="UTF-8"?>
<!-- Generated by org.testng.reporters.JUnitReportReporter -->
<testsuite skipped="0" hostname="DESKTOP-077G3EM" name="com.RingPayScripts.PromoCode_Scripts" tests="1" failures="0" timestamp="2023-02-03T16:53:40 IST" time="252.658" errors="0">
  <testcase name="PromoCode_Journey" time="252.658" classname="com.RingPayScripts.PromoCode_Scripts"/>
  <system-out/>
</testsuite> <!-- com.RingPayScripts.PromoCode_Scripts -->
