<?xml version="1.0" encoding="UTF-8"?>
<!-- Generated by org.testng.reporters.JUnitReportReporter -->
<testsuite skipped="0" hostname="DESKTOP-077G3EM" name="com.RingPayScripts.PromoCode_Scripts" tests="4" failures="0" timestamp="2022-12-19T11:55:06 IST" time="17.233" errors="0">
  <testcase name="userDetailsAPI_PromoCodeJourney" time="7.144" classname="com.RingPayScripts.PromoCode_Scripts"/>
  <system-out/>
  <testcase name="onloadAPI_PromoCodeJourney" time="0.487" classname="com.RingPayScripts.PromoCode_Scripts"/>
  <system-out/>
  <testcase name="sendOtp_Positive_PromoCodeJourney" time="2.665" classname="com.RingPayScripts.PromoCode_Scripts"/>
  <system-out/>
  <testcase name="userToken_PromoCodeJourney" time="6.937" classname="com.RingPayScripts.PromoCode_Scripts"/>
  <system-out/>
</testsuite> <!-- com.RingPayScripts.PromoCode_Scripts -->
