<?xml version="1.0" encoding="UTF-8"?>
<!-- Generated by org.testng.reporters.JUnitReportReporter -->
<testsuite skipped="0" hostname="DESKTOP-077G3EM" name="com.RingPayScripts.PromoCode_Scripts" tests="9" failures="0" timestamp="2022-12-07T11:55:58 IST" time="83.181" errors="0">
  <testcase name="userDetailsAPI_PromoCodeJourney" time="5.289" classname="com.RingPayScripts.PromoCode_Scripts"/>
  <system-out/>
  <testcase name="onloadAndroidVersionCheckAPI_PromoCodeJourney" time="0.378" classname="com.RingPayScripts.PromoCode_Scripts"/>
  <system-out/>
  <testcase name="sendOtp_Positive_PromoCodeJourney" time="1.964" classname="com.RingPayScripts.PromoCode_Scripts"/>
  <system-out/>
  <testcase name="userToken_PromoCodeJourney" time="5.923" classname="com.RingPayScripts.PromoCode_Scripts"/>
  <system-out/>
  <testcase name="promoCode_PromoCodeJourney" time="2.479" classname="com.RingPayScripts.PromoCode_Scripts"/>
  <system-out/>
  <testcase name="updateUserDetils_200_PromoCodeJourney" time="59.652" classname="com.RingPayScripts.PromoCode_Scripts"/>
  <system-out/>
  <testcase name="loginUser_PromoCodeJourney" time="2.642" classname="com.RingPayScripts.PromoCode_Scripts"/>
  <system-out/>
  <testcase name="registerUser_PromoCodeJourney" time="2.571" classname="com.RingPayScripts.PromoCode_Scripts"/>
  <system-out/>
  <testcase name="locationRequire_PromoCodeJourney" time="2.283" classname="com.RingPayScripts.PromoCode_Scripts"/>
  <system-out/>
</testsuite> <!-- com.RingPayScripts.PromoCode_Scripts -->
