<?xml version="1.0" encoding="UTF-8"?>
<!-- Generated by org.testng.reporters.JUnitReportReporter -->
<testsuite skipped="0" hostname="DESKTOP-077G3EM" name="com.RingPayScripts.PlayStore_Segment1_Scripts" tests="1" failures="0" timestamp="2023-01-30T17:03:07 IST" time="4.909" errors="1">
  <testcase name="PlayStore_Journey_Segment1" time="4.909" classname="com.RingPayScripts.PlayStore_Segment1_Scripts">
    <error type="java.lang.NullPointerException">
      <![CDATA[java.lang.NullPointerException
at com.business.RingPay_PlayStore_Journey_Segment1.DeleteQuery.delete(DeleteQuery.java:30)
at com.RingPayScripts.PlayStore_Segment1_Scripts.PlayStore_Journey_Segment1(PlayStore_Segment1_Scripts.java:65)
at sun.reflect.NativeMethodAccessorImpl.invoke0(Native Method)
at sun.reflect.NativeMethodAccessorImpl.invoke(NativeMethodAccessorImpl.java:62)
at sun.reflect.DelegatingMethodAccessorImpl.invoke(DelegatingMethodAccessorImpl.java:43)
at java.lang.reflect.Method.invoke(Method.java:498)
at org.testng.internal.MethodInvocationHelper.invokeMethod(MethodInvocationHelper.java:134)
at org.testng.internal.TestInvoker.invokeMethod(TestInvoker.java:597)
at org.testng.internal.TestInvoker.invokeTestMethod(TestInvoker.java:173)
at org.testng.internal.MethodRunner.runInSequence(MethodRunner.java:46)
at org.testng.internal.TestInvoker$MethodInvocationAgent.invoke(TestInvoker.java:816)
at org.testng.internal.TestInvoker.invokeTestMethods(TestInvoker.java:146)
at org.testng.internal.TestMethodWorker.invokeTestMethods(TestMethodWorker.java:146)
at org.testng.internal.TestMethodWorker.run(TestMethodWorker.java:128)
at java.util.concurrent.ThreadPoolExecutor.runWorker(ThreadPoolExecutor.java:1149)
at java.util.concurrent.ThreadPoolExecutor$Worker.run(ThreadPoolExecutor.java:624)
at java.lang.Thread.run(Thread.java:748)
]]>
    </error>
  </testcase> <!-- PlayStore_Journey_Segment1 -->
  <system-out/>
</testsuite> <!-- com.RingPayScripts.PlayStore_Segment1_Scripts -->
