<?xml version="1.0" encoding="UTF-8"?>
<!-- Generated by org.testng.reporters.JUnitReportReporter -->
<testsuite skipped="0" hostname="DESKTOP-077G3EM" name="com.RingPayScripts.PlayStore_Scripts" tests="1" failures="0" timestamp="2023-01-10T17:58:54 IST" time="776.442" errors="0">
  <testcase name="PlayStore_Journey" time="776.442" classname="com.RingPayScripts.PlayStore_Scripts"/>
  <system-out/>
</testsuite> <!-- com.RingPayScripts.PlayStore_Scripts -->
