<?xml version="1.0" encoding="UTF-8"?>
<!-- Generated by org.testng.reporters.JUnitReportReporter -->
<testsuite skipped="0" hostname="DESKTOP-077G3EM" name="com.RingPayScripts.PromoCode_Scripts" tests="29" failures="0" timestamp="2022-12-09T17:48:47 IST" time="268.807" errors="0">
  <testcase name="userDetailsAPI_PromoCodeJourney" time="5.448" classname="com.RingPayScripts.PromoCode_Scripts"/>
  <system-out/>
  <testcase name="onloadAPI_PromoCodeJourney" time="0.343" classname="com.RingPayScripts.PromoCode_Scripts"/>
  <system-out/>
  <testcase name="sendOtp_Positive_PromoCodeJourney" time="2.090" classname="com.RingPayScripts.PromoCode_Scripts"/>
  <system-out/>
  <testcase name="userToken_PromoCodeJourney" time="5.334" classname="com.RingPayScripts.PromoCode_Scripts"/>
  <system-out/>
  <testcase name="promoCode_PromoCodeJourney" time="2.211" classname="com.RingPayScripts.PromoCode_Scripts"/>
  <system-out/>
  <testcase name="updateUserDetils_200_PromoCodeJourney" time="58.419" classname="com.RingPayScripts.PromoCode_Scripts"/>
  <system-out/>
  <testcase name="loginUser_PromoCodeJourney" time="2.581" classname="com.RingPayScripts.PromoCode_Scripts"/>
  <system-out/>
  <testcase name="registerUser_PromoCodeJourney" time="2.532" classname="com.RingPayScripts.PromoCode_Scripts"/>
  <system-out/>
  <testcase name="locationRequire_PromoCodeJourney" time="2.168" classname="com.RingPayScripts.PromoCode_Scripts"/>
  <system-out/>
  <testcase name="getUserDetails_PromoCodeJourney" time="2.369" classname="com.RingPayScripts.PromoCode_Scripts"/>
  <system-out/>
  <testcase name="user_onboarding_PromoCodeJourney" time="32.063" classname="com.RingPayScripts.PromoCode_Scripts"/>
  <system-out/>
  <testcase name="create_bnpl_transaction_PromoCodeJourney" time="13.639" classname="com.RingPayScripts.PromoCode_Scripts"/>
  <system-out/>
  <testcase name="upadate_user_status_PromoCodeJourney" time="2.591" classname="com.RingPayScripts.PromoCode_Scripts"/>
  <system-out/>
  <testcase name="check_Application_Eligibility_PromoCodeJourney" time="38.314" classname="com.RingPayScripts.PromoCode_Scripts"/>
  <system-out/>
  <testcase name="get_Offer_Details_PromoCodeJourney" time="3.923" classname="com.RingPayScripts.PromoCode_Scripts"/>
  <system-out/>
  <testcase name="accept_Offer_PromoCodeJourney" time="3.720" classname="com.RingPayScripts.PromoCode_Scripts"/>
  <system-out/>
  <testcase name="offerDetailsScreen_CheckApplicationEligibility_PromoCodeJourney" time="6.676" classname="com.RingPayScripts.PromoCode_Scripts"/>
  <system-out/>
  <testcase name="getPinDetails" time="2.494" classname="com.RingPayScripts.PromoCode_Scripts"/>
  <system-out/>
  <testcase name="sendOtpForPin" time="2.410" classname="com.RingPayScripts.PromoCode_Scripts"/>
  <system-out/>
  <testcase name="setResetPin" time="4.773" classname="com.RingPayScripts.PromoCode_Scripts"/>
  <system-out/>
  <testcase name="afterResetPin_getPinDetails" time="2.352" classname="com.RingPayScripts.PromoCode_Scripts"/>
  <system-out/>
  <testcase name="bnplLines_PromoCodeJourney" time="2.836" classname="com.RingPayScripts.PromoCode_Scripts"/>
  <system-out/>
  <testcase name="paymentOption_PromoCodeJourney" time="21.946" classname="com.RingPayScripts.PromoCode_Scripts"/>
  <system-out/>
  <testcase name="transaction_Initiate_PromoCodeJourney" time="28.195" classname="com.RingPayScripts.PromoCode_Scripts"/>
  <system-out/>
  <testcase name="transactionComplete_PromoCodeJourney" time="4.794" classname="com.RingPayScripts.PromoCode_Scripts"/>
  <system-out/>
  <testcase name="homeScreenForCurrentSpends_PromoCodeJourney" time="4.407" classname="com.RingPayScripts.PromoCode_Scripts"/>
  <system-out/>
  <testcase name="paymentValidate_PromoCodeJourney" time="1.774" classname="com.RingPayScripts.PromoCode_Scripts"/>
  <system-out/>
  <testcase name="notifyPaymentDone_PromoCodeJourney" time="3.125" classname="com.RingPayScripts.PromoCode_Scripts"/>
  <system-out/>
  <testcase name="getSettlementStatus_PromoCodeJourney" time="5.280" classname="com.RingPayScripts.PromoCode_Scripts"/>
  <system-out/>
</testsuite> <!-- com.RingPayScripts.PromoCode_Scripts -->
