<?xml version="1.0" encoding="UTF-8"?>
<!-- Generated by org.testng.reporters.JUnitReportReporter -->
<testsuite skipped="0" hostname="DESKTOP-077G3EM" name="com.RingPayScripts.RingPolicy_L3_Scripts" tests="20" failures="0" timestamp="2022-12-23T13:02:31 IST" time="555.267" errors="0">
  <testcase name="userDetailsAPI" time="8.421" classname="com.RingPayScripts.RingPolicy_L3_Scripts"/>
  <system-out/>
  <testcase name="onloadAndroidVersionCheckAPI" time="1.910" classname="com.RingPayScripts.RingPolicy_L3_Scripts"/>
  <system-out/>
  <testcase name="getVPADetails" time="1.832" classname="com.RingPayScripts.RingPolicy_L3_Scripts"/>
  <system-out/>
  <testcase name="sendOtp_Positive" time="9.538" classname="com.RingPayScripts.RingPolicy_L3_Scripts"/>
  <system-out/>
  <testcase name="userToken" time="16.793" classname="com.RingPayScripts.RingPolicy_L3_Scripts"/>
  <system-out/>
  <testcase name="loginUser" time="9.559" classname="com.RingPayScripts.RingPolicy_L3_Scripts"/>
  <system-out/>
  <testcase name="RegularOffer_L3" time="9.524" classname="com.RingPayScripts.RingPolicy_L3_Scripts"/>
  <system-out/>
  <testcase name="registeruser" time="8.341" classname="com.RingPayScripts.RingPolicy_L3_Scripts"/>
  <system-out/>
  <testcase name="updateUserDetils_200" time="138.535" classname="com.RingPayScripts.RingPolicy_L3_Scripts"/>
  <system-out/>
  <testcase name="locationRequire" time="6.180" classname="com.RingPayScripts.RingPolicy_L3_Scripts"/>
  <system-out/>
  <testcase name="getUserDetails_Positive" time="5.730" classname="com.RingPayScripts.RingPolicy_L3_Scripts"/>
  <system-out/>
  <testcase name="user_onboarding_200" time="63.974" classname="com.RingPayScripts.RingPolicy_L3_Scripts"/>
  <system-out/>
  <testcase name="create_bnpl_transaction" time="43.309" classname="com.RingPayScripts.RingPolicy_L3_Scripts"/>
  <system-out/>
  <testcase name="update_user_status_200" time="39.254" classname="com.RingPayScripts.RingPolicy_L3_Scripts"/>
  <system-out/>
  <testcase name="check_Application_Eligibility" time="83.908" classname="com.RingPayScripts.RingPolicy_L3_Scripts"/>
  <system-out/>
  <testcase name="add_addressAPI" time="46.266" classname="com.RingPayScripts.RingPolicy_L3_Scripts"/>
  <system-out/>
  <testcase name="get_Offer_Details" time="14.024" classname="com.RingPayScripts.RingPolicy_L3_Scripts"/>
  <system-out/>
  <testcase name="accept_Offer" time="13.766" classname="com.RingPayScripts.RingPolicy_L3_Scripts"/>
  <system-out/>
  <testcase name="offerDetailsScreen_CheckApplicationEligibility" time="21.712" classname="com.RingPayScripts.RingPolicy_L3_Scripts"/>
  <system-out/>
  <testcase name="RegularOffer_L3_DataBase" time="12.691" classname="com.RingPayScripts.RingPolicy_L3_Scripts"/>
  <system-out/>
</testsuite> <!-- com.RingPayScripts.RingPolicy_L3_Scripts -->
