<?xml version="1.0" encoding="UTF-8"?>
<!-- Generated by org.testng.reporters.JUnitReportReporter -->
<testsuite skipped="0" hostname="DESKTOP-077G3EM" name="com.RingPayScripts.PromoCode_Scripts" tests="24" failures="0" timestamp="2022-12-06T17:37:56 IST" time="258.419" errors="0">
  <testcase name="userDetailsAPI" time="1.275" classname="com.RingPayScripts.PromoCode_Scripts"/>
  <system-out/>
  <testcase name="onloadAndroidVersionCheckAPI" time="0.256" classname="com.RingPayScripts.PromoCode_Scripts"/>
  <system-out/>
  <testcase name="sendOtp_Positive" time="2.008" classname="com.RingPayScripts.PromoCode_Scripts"/>
  <system-out/>
  <testcase name="userToken" time="5.141" classname="com.RingPayScripts.PromoCode_Scripts"/>
  <system-out/>
  <testcase name="promoCode" time="2.131" classname="com.RingPayScripts.PromoCode_Scripts"/>
  <system-out/>
  <testcase name="updateUserDetils_200" time="57.233" classname="com.RingPayScripts.PromoCode_Scripts"/>
  <system-out/>
  <testcase name="loginUser" time="2.412" classname="com.RingPayScripts.PromoCode_Scripts"/>
  <system-out/>
  <testcase name="registeruser" time="2.451" classname="com.RingPayScripts.PromoCode_Scripts"/>
  <system-out/>
  <testcase name="getUserDetails_Positive" time="2.233" classname="com.RingPayScripts.PromoCode_Scripts"/>
  <system-out/>
  <testcase name="user_onboarding_200" time="32.188" classname="com.RingPayScripts.PromoCode_Scripts"/>
  <system-out/>
  <testcase name="create_bnpl_transaction" time="13.580" classname="com.RingPayScripts.PromoCode_Scripts"/>
  <system-out/>
  <testcase name="upadate_user_status_200" time="2.249" classname="com.RingPayScripts.PromoCode_Scripts"/>
  <system-out/>
  <testcase name="check_Application_Eligibility" time="38.022" classname="com.RingPayScripts.PromoCode_Scripts"/>
  <system-out/>
  <testcase name="get_Offer_Details" time="3.706" classname="com.RingPayScripts.PromoCode_Scripts"/>
  <system-out/>
  <testcase name="accept_Offer" time="3.661" classname="com.RingPayScripts.PromoCode_Scripts"/>
  <system-out/>
  <testcase name="offerDetailsScreen_CheckApplicationEligibility" time="6.933" classname="com.RingPayScripts.PromoCode_Scripts"/>
  <system-out/>
  <testcase name="bnplLines" time="2.893" classname="com.RingPayScripts.PromoCode_Scripts"/>
  <system-out/>
  <testcase name="paymentOption" time="32.174" classname="com.RingPayScripts.PromoCode_Scripts"/>
  <system-out/>
  <testcase name="transaction_Initiate" time="30.745" classname="com.RingPayScripts.PromoCode_Scripts"/>
  <system-out/>
  <testcase name="transactionComplete" time="4.580" classname="com.RingPayScripts.PromoCode_Scripts"/>
  <system-out/>
  <testcase name="homeScreenForCurrentSpends" time="3.310" classname="com.RingPayScripts.PromoCode_Scripts"/>
  <system-out/>
  <testcase name="paymentValidate" time="1.748" classname="com.RingPayScripts.PromoCode_Scripts"/>
  <system-out/>
  <testcase name="notifyPaymentDone" time="2.103" classname="com.RingPayScripts.PromoCode_Scripts"/>
  <system-out/>
  <testcase name="getSettlementStatus" time="5.387" classname="com.RingPayScripts.PromoCode_Scripts"/>
  <system-out/>
</testsuite> <!-- com.RingPayScripts.PromoCode_Scripts -->
