<?xml version="1.0" encoding="UTF-8"?>
<!-- Generated by org.testng.reporters.JUnitReportReporter -->
<testsuite skipped="0" hostname="DESKTOP-077G3EM" name="com.RingPayScripts.MerchantQRCode_Segment1_Scripts" tests="27" failures="0" timestamp="2022-12-27T15:22:08 IST" time="621.785" errors="0">
  <testcase name="userDetailsAPI" time="6.963" classname="com.RingPayScripts.MerchantQRCode_Segment1_Scripts"/>
  <system-out/>
  <testcase name="onloadAndroidVersionCheckAPI" time="1.418" classname="com.RingPayScripts.MerchantQRCode_Segment1_Scripts"/>
  <system-out/>
  <testcase name="getVPADetails" time="1.628" classname="com.RingPayScripts.MerchantQRCode_Segment1_Scripts"/>
  <system-out/>
  <testcase name="sendOtp_Positive" time="8.295" classname="com.RingPayScripts.MerchantQRCode_Segment1_Scripts"/>
  <system-out/>
  <testcase name="userAuthenticate" time="13.447" classname="com.RingPayScripts.MerchantQRCode_Segment1_Scripts"/>
  <system-out/>
  <testcase name="loginUser" time="6.082" classname="com.RingPayScripts.MerchantQRCode_Segment1_Scripts"/>
  <system-out/>
  <testcase name="RingPolicy" time="6.490" classname="com.RingPayScripts.MerchantQRCode_Segment1_Scripts"/>
  <system-out/>
  <testcase name="registeruser" time="5.584" classname="com.RingPayScripts.MerchantQRCode_Segment1_Scripts"/>
  <system-out/>
  <testcase name="basicDetils" time="117.039" classname="com.RingPayScripts.MerchantQRCode_Segment1_Scripts"/>
  <system-out/>
  <testcase name="locationRequire" time="5.274" classname="com.RingPayScripts.MerchantQRCode_Segment1_Scripts"/>
  <system-out/>
  <testcase name="getUserDetails_Positive" time="5.289" classname="com.RingPayScripts.MerchantQRCode_Segment1_Scripts"/>
  <system-out/>
  <testcase name="user_onboarding_200" time="62.093" classname="com.RingPayScripts.MerchantQRCode_Segment1_Scripts"/>
  <system-out/>
  <testcase name="create_bnpl_transaction" time="39.913" classname="com.RingPayScripts.MerchantQRCode_Segment1_Scripts"/>
  <system-out/>
  <testcase name="update_user_status_200" time="37.827" classname="com.RingPayScripts.MerchantQRCode_Segment1_Scripts"/>
  <system-out/>
  <testcase name="check_Application_Eligibility" time="75.853" classname="com.RingPayScripts.MerchantQRCode_Segment1_Scripts"/>
  <system-out/>
  <testcase name="add_addressAPI" time="44.371" classname="com.RingPayScripts.MerchantQRCode_Segment1_Scripts"/>
  <system-out/>
  <testcase name="get_Offer_Details" time="14.566" classname="com.RingPayScripts.MerchantQRCode_Segment1_Scripts"/>
  <system-out/>
  <testcase name="accept_Offer" time="13.302" classname="com.RingPayScripts.MerchantQRCode_Segment1_Scripts"/>
  <system-out/>
  <testcase name="offerDetailsScreen_CheckApplicationEligibility" time="18.627" classname="com.RingPayScripts.MerchantQRCode_Segment1_Scripts"/>
  <system-out/>
  <testcase name="getPinDetails" time="5.461" classname="com.RingPayScripts.MerchantQRCode_Segment1_Scripts"/>
  <system-out/>
  <testcase name="sendOtpForPin" time="5.598" classname="com.RingPayScripts.MerchantQRCode_Segment1_Scripts"/>
  <system-out/>
  <testcase name="setResetPin" time="5.713" classname="com.RingPayScripts.MerchantQRCode_Segment1_Scripts"/>
  <system-out/>
  <testcase name="afterResetPin_getPinDetails" time="5.465" classname="com.RingPayScripts.MerchantQRCode_Segment1_Scripts"/>
  <system-out/>
  <testcase name="bnplLines" time="11.284" classname="com.RingPayScripts.MerchantQRCode_Segment1_Scripts"/>
  <system-out/>
  <testcase name="paymentOption" time="38.007" classname="com.RingPayScripts.MerchantQRCode_Segment1_Scripts"/>
  <system-out/>
  <testcase name="transaction_Initiate" time="60.722" classname="com.RingPayScripts.MerchantQRCode_Segment1_Scripts"/>
  <system-out/>
  <testcase name="transactionComplete" time="5.474" classname="com.RingPayScripts.MerchantQRCode_Segment1_Scripts"/>
  <system-out/>
</testsuite> <!-- com.RingPayScripts.MerchantQRCode_Segment1_Scripts -->
