<?xml version="1.0" encoding="UTF-8"?>
<!-- Generated by org.testng.reporters.JUnitReportReporter -->
<testsuite skipped="0" hostname="DESKTOP-077G3EM" name="com.RingPayScripts.Adding" tests="2" failures="0" timestamp="2023-01-30T13:21:44 IST" time="467.794" errors="0">
  <testcase name="MerChantQRCodeJourney_Segment1" time="234.124" classname="com.RingPayScripts.Adding"/>
  <system-out/>
  <testcase name="PromoCode_Journey_Segment1" time="233.670" classname="com.RingPayScripts.Adding"/>
  <system-out/>
</testsuite> <!-- com.RingPayScripts.Adding -->
