<?xml version="1.0" encoding="UTF-8"?>
<!-- Generated by org.testng.reporters.JUnitReportReporter -->
<testsuite skipped="0" hostname="DESKTOP-077G3EM" name="com.RingPayScripts.PromoCode_Scripts" tests="29" failures="0" timestamp="2022-12-14T11:46:55 IST" time="323.989" errors="0">
  <testcase name="userDetailsAPI_PromoCodeJourney" time="10.912" classname="com.RingPayScripts.PromoCode_Scripts"/>
  <system-out/>
  <testcase name="onloadAPI_PromoCodeJourney" time="0.439" classname="com.RingPayScripts.PromoCode_Scripts"/>
  <system-out/>
  <testcase name="sendOtp_Positive_PromoCodeJourney" time="2.546" classname="com.RingPayScripts.PromoCode_Scripts"/>
  <system-out/>
  <testcase name="userToken_PromoCodeJourney" time="6.244" classname="com.RingPayScripts.PromoCode_Scripts"/>
  <system-out/>
  <testcase name="promoCode_PromoCodeJourney" time="2.868" classname="com.RingPayScripts.PromoCode_Scripts"/>
  <system-out/>
  <testcase name="updateUserDetils_200_PromoCodeJourney" time="61.647" classname="com.RingPayScripts.PromoCode_Scripts"/>
  <system-out/>
  <testcase name="loginUser_PromoCodeJourney" time="3.030" classname="com.RingPayScripts.PromoCode_Scripts"/>
  <system-out/>
  <testcase name="registerUser_PromoCodeJourney" time="3.162" classname="com.RingPayScripts.PromoCode_Scripts"/>
  <system-out/>
  <testcase name="locationRequire_PromoCodeJourney" time="2.899" classname="com.RingPayScripts.PromoCode_Scripts"/>
  <system-out/>
  <testcase name="getUserDetails_PromoCodeJourney" time="2.523" classname="com.RingPayScripts.PromoCode_Scripts"/>
  <system-out/>
  <testcase name="user_onboarding_PromoCodeJourney" time="35.497" classname="com.RingPayScripts.PromoCode_Scripts"/>
  <system-out/>
  <testcase name="create_bnpl_transaction_PromoCodeJourney" time="15.934" classname="com.RingPayScripts.PromoCode_Scripts"/>
  <system-out/>
  <testcase name="upadate_user_status_PromoCodeJourney" time="2.740" classname="com.RingPayScripts.PromoCode_Scripts"/>
  <system-out/>
  <testcase name="check_Application_Eligibility_PromoCodeJourney" time="55.853" classname="com.RingPayScripts.PromoCode_Scripts"/>
  <system-out/>
  <testcase name="get_Offer_Details_PromoCodeJourney" time="9.557" classname="com.RingPayScripts.PromoCode_Scripts"/>
  <system-out/>
  <testcase name="accept_Offer_PromoCodeJourney" time="9.773" classname="com.RingPayScripts.PromoCode_Scripts"/>
  <system-out/>
  <testcase name="offerDetailsScreen_CheckApplicationEligibility_PromoCodeJourney" time="13.033" classname="com.RingPayScripts.PromoCode_Scripts"/>
  <system-out/>
  <testcase name="getPinDetails" time="2.551" classname="com.RingPayScripts.PromoCode_Scripts"/>
  <system-out/>
  <testcase name="sendOtpForPin" time="2.682" classname="com.RingPayScripts.PromoCode_Scripts"/>
  <system-out/>
  <testcase name="setResetPin" time="5.757" classname="com.RingPayScripts.PromoCode_Scripts"/>
  <system-out/>
  <testcase name="afterResetPin_getPinDetails" time="2.574" classname="com.RingPayScripts.PromoCode_Scripts"/>
  <system-out/>
  <testcase name="bnplLines_PromoCodeJourney" time="2.991" classname="com.RingPayScripts.PromoCode_Scripts"/>
  <system-out/>
  <testcase name="paymentOption_PromoCodeJourney" time="23.660" classname="com.RingPayScripts.PromoCode_Scripts"/>
  <system-out/>
  <testcase name="transaction_Initiate_PromoCodeJourney" time="26.351" classname="com.RingPayScripts.PromoCode_Scripts"/>
  <system-out/>
  <testcase name="transactionComplete_PromoCodeJourney" time="5.195" classname="com.RingPayScripts.PromoCode_Scripts"/>
  <system-out/>
  <testcase name="homeScreenForCurrentSpends_PromoCodeJourney" time="3.636" classname="com.RingPayScripts.PromoCode_Scripts"/>
  <system-out/>
  <testcase name="paymentValidate_PromoCodeJourney" time="2.043" classname="com.RingPayScripts.PromoCode_Scripts"/>
  <system-out/>
  <testcase name="notifyPaymentDone_PromoCodeJourney" time="2.291" classname="com.RingPayScripts.PromoCode_Scripts"/>
  <system-out/>
  <testcase name="getSettlementStatus_PromoCodeJourney" time="5.601" classname="com.RingPayScripts.PromoCode_Scripts"/>
  <system-out/>
</testsuite> <!-- com.RingPayScripts.PromoCode_Scripts -->
