<?xml version="1.0" encoding="UTF-8"?>
<!-- Generated by org.testng.reporters.JUnitReportReporter -->
<testsuite skipped="0" hostname="DESKTOP-077G3EM" name="com.RingPayScripts.MerchantQRCode_and_PromoCode_Scripts_Segment1" tests="2" failures="0" timestamp="2023-02-02T11:50:53 IST" time="538.122" errors="0">
  <testcase name="MerChantQRCodeJourney_Segment1" time="270.652" classname="com.RingPayScripts.MerchantQRCode_and_PromoCode_Scripts_Segment1"/>
  <system-out/>
  <testcase name="PromoCode_Journey_Segment1" time="267.470" classname="com.RingPayScripts.MerchantQRCode_and_PromoCode_Scripts_Segment1"/>
  <system-out/>
</testsuite> <!-- com.RingPayScripts.MerchantQRCode_and_PromoCode_Scripts_Segment1 -->
