<?xml version="1.0" encoding="UTF-8"?>
<!-- Generated by org.testng.reporters.JUnitReportReporter -->
<testsuite skipped="0" hostname="DESKTOP-077G3EM" name="com.RingPayScripts.RingPolicy_LTBC1_Scripts" tests="1" failures="0" timestamp="2023-01-17T11:19:23 IST" time="204.300" errors="0">
  <testcase name="RingPolicy_LTBC1" time="204.300" classname="com.RingPayScripts.RingPolicy_LTBC1_Scripts"/>
  <system-out/>
</testsuite> <!-- com.RingPayScripts.RingPolicy_LTBC1_Scripts -->
