<?xml version="1.0" encoding="UTF-8"?>
<!-- Generated by org.testng.reporters.JUnitReportReporter -->
<testsuite skipped="0" hostname="DESKTOP-077G3EM" name="com.RingPayScripts.PromoCode_Segment1_Scripts" tests="1" failures="0" timestamp="2023-01-11T12:15:37 IST" time="690.237" errors="0">
  <testcase name="PromoCode_Journey_Segment1" time="690.237" classname="com.RingPayScripts.PromoCode_Segment1_Scripts"/>
  <system-out/>
</testsuite> <!-- com.RingPayScripts.PromoCode_Segment1_Scripts -->
