<?xml version="1.0" encoding="UTF-8"?>
<!-- Generated by org.testng.reporters.JUnitReportReporter -->
<testsuite skipped="0" hostname="DESKTOP-077G3EM" name="com.RingPayScripts.RingPolicy_BC1_Scripts" tests="20" failures="0" timestamp="2022-12-19T16:18:09 IST" time="295.533" errors="0">
  <testcase name="userDetailsAPI" time="7.936" classname="com.RingPayScripts.RingPolicy_BC1_Scripts"/>
  <system-out/>
  <testcase name="onloadAndroidVersionCheckAPI" time="0.452" classname="com.RingPayScripts.RingPolicy_BC1_Scripts"/>
  <system-out/>
  <testcase name="getVPADetails" time="0.784" classname="com.RingPayScripts.RingPolicy_BC1_Scripts"/>
  <system-out/>
  <testcase name="sendOtp_Positive" time="2.357" classname="com.RingPayScripts.RingPolicy_BC1_Scripts"/>
  <system-out/>
  <testcase name="userToken" time="5.811" classname="com.RingPayScripts.RingPolicy_BC1_Scripts"/>
  <system-out/>
  <testcase name="updateUserDetils_200" time="57.037" classname="com.RingPayScripts.RingPolicy_BC1_Scripts"/>
  <system-out/>
  <testcase name="loginUser" time="2.742" classname="com.RingPayScripts.RingPolicy_BC1_Scripts"/>
  <system-out/>
  <testcase name="RegularOffer_LTBC1" time="3.260" classname="com.RingPayScripts.RingPolicy_BC1_Scripts"/>
  <system-out/>
  <testcase name="registeruser" time="2.881" classname="com.RingPayScripts.RingPolicy_BC1_Scripts"/>
  <system-out/>
  <testcase name="locationRequire" time="2.777" classname="com.RingPayScripts.RingPolicy_BC1_Scripts"/>
  <system-out/>
  <testcase name="getUserDetails_Positive" time="2.572" classname="com.RingPayScripts.RingPolicy_BC1_Scripts"/>
  <system-out/>
  <testcase name="user_onboarding_200" time="33.631" classname="com.RingPayScripts.RingPolicy_BC1_Scripts"/>
  <system-out/>
  <testcase name="create_bnpl_transaction" time="26.040" classname="com.RingPayScripts.RingPolicy_BC1_Scripts"/>
  <system-out/>
  <testcase name="update_user_status_200" time="35.157" classname="com.RingPayScripts.RingPolicy_BC1_Scripts"/>
  <system-out/>
  <testcase name="check_Application_Eligibility" time="54.581" classname="com.RingPayScripts.RingPolicy_BC1_Scripts"/>
  <system-out/>
  <testcase name="add_addressAPI" time="17.994" classname="com.RingPayScripts.RingPolicy_BC1_Scripts"/>
  <system-out/>
  <testcase name="get_Offer_Details" time="9.338" classname="com.RingPayScripts.RingPolicy_BC1_Scripts"/>
  <system-out/>
  <testcase name="accept_Offer" time="9.169" classname="com.RingPayScripts.RingPolicy_BC1_Scripts"/>
  <system-out/>
  <testcase name="offerDetailsScreen_CheckApplicationEligibility" time="12.429" classname="com.RingPayScripts.RingPolicy_BC1_Scripts"/>
  <system-out/>
  <testcase name="RegularOffer_LTBC1_DataBase" time="8.585" classname="com.RingPayScripts.RingPolicy_BC1_Scripts"/>
  <system-out/>
</testsuite> <!-- com.RingPayScripts.RingPolicy_BC1_Scripts -->
