<?xml version="1.0" encoding="UTF-8"?>
<!-- Generated by org.testng.reporters.JUnitReportReporter -->
<testsuite skipped="0" hostname="DESKTOP-077G3EM" name="com.RingPayScripts.PromoCode_Scripts" tests="1" failures="0" timestamp="2023-01-31T17:06:05 IST" time="232.199" errors="0">
  <testcase name="PromoCode_Journey" time="232.199" classname="com.RingPayScripts.PromoCode_Scripts"/>
  <system-out/>
</testsuite> <!-- com.RingPayScripts.PromoCode_Scripts -->
