<?xml version="1.0" encoding="UTF-8"?>
<!-- Generated by org.testng.reporters.JUnitReportReporter -->
<testsuite skipped="0" hostname="DESKTOP-077G3EM" name="com.RingPayScripts.RingPayAPI_Scripts" tests="3" failures="0" timestamp="2022-12-29T16:05:10 IST" time="1968.828" errors="0">
  <testcase name="MerChantQRCode_Journey" time="663.876" classname="com.RingPayScripts.RingPayAPI_Scripts"/>
  <system-out/>
  <testcase name="PromoCode_Journey" time="644.575" classname="com.RingPayScripts.RingPayAPI_Scripts"/>
  <system-out/>
  <testcase name="PlayStore_Journey" time="660.377" classname="com.RingPayScripts.RingPayAPI_Scripts"/>
  <system-out/>
</testsuite> <!-- com.RingPayScripts.RingPayAPI_Scripts -->
