<?xml version="1.0" encoding="UTF-8"?>
<!-- Generated by org.testng.reporters.JUnitReportReporter -->
<testsuite skipped="0" hostname="DESKTOP-077G3EM" name="com.RingPayScripts.PlayStore_Scripts" tests="29" failures="0" timestamp="2022-12-27T14:58:56 IST" time="656.582" errors="0">
  <testcase name="userDetailsAPI" time="9.331" classname="com.RingPayScripts.PlayStore_Scripts"/>
  <system-out/>
  <testcase name="onloadAndroidVersionCheckAPI" time="1.462" classname="com.RingPayScripts.PlayStore_Scripts"/>
  <system-out/>
  <testcase name="sendOtp_Positive" time="8.571" classname="com.RingPayScripts.PlayStore_Scripts"/>
  <system-out/>
  <testcase name="userToken" time="14.021" classname="com.RingPayScripts.PlayStore_Scripts"/>
  <system-out/>
  <testcase name="loginUser" time="6.961" classname="com.RingPayScripts.PlayStore_Scripts"/>
  <system-out/>
  <testcase name="registeruser" time="6.003" classname="com.RingPayScripts.PlayStore_Scripts"/>
  <system-out/>
  <testcase name="basicDetils" time="122.065" classname="com.RingPayScripts.PlayStore_Scripts"/>
  <system-out/>
  <testcase name="locationRequire" time="5.629" classname="com.RingPayScripts.PlayStore_Scripts"/>
  <system-out/>
  <testcase name="getUserDetails_Positive" time="5.578" classname="com.RingPayScripts.PlayStore_Scripts"/>
  <system-out/>
  <testcase name="user_onboarding_200" time="61.878" classname="com.RingPayScripts.PlayStore_Scripts"/>
  <system-out/>
  <testcase name="create_bnpl_transaction" time="43.078" classname="com.RingPayScripts.PlayStore_Scripts"/>
  <system-out/>
  <testcase name="update_user_status_200" time="39.518" classname="com.RingPayScripts.PlayStore_Scripts"/>
  <system-out/>
  <testcase name="check_Application_Eligibility" time="73.675" classname="com.RingPayScripts.PlayStore_Scripts"/>
  <system-out/>
  <testcase name="add_addressAPI" time="45.439" classname="com.RingPayScripts.PlayStore_Scripts"/>
  <system-out/>
  <testcase name="get_Offer_Details" time="13.805" classname="com.RingPayScripts.PlayStore_Scripts"/>
  <system-out/>
  <testcase name="accept_Offer" time="13.580" classname="com.RingPayScripts.PlayStore_Scripts"/>
  <system-out/>
  <testcase name="offerDetailsScreen_CheckApplicationEligibility" time="19.385" classname="com.RingPayScripts.PlayStore_Scripts"/>
  <system-out/>
  <testcase name="getPinDetails" time="5.731" classname="com.RingPayScripts.PlayStore_Scripts"/>
  <system-out/>
  <testcase name="sendOtpForPin" time="5.676" classname="com.RingPayScripts.PlayStore_Scripts"/>
  <system-out/>
  <testcase name="setResetPin" time="5.479" classname="com.RingPayScripts.PlayStore_Scripts"/>
  <system-out/>
  <testcase name="afterResetPin_getPinDetails" time="5.673" classname="com.RingPayScripts.PlayStore_Scripts"/>
  <system-out/>
  <testcase name="bnplLines" time="11.381" classname="com.RingPayScripts.PlayStore_Scripts"/>
  <system-out/>
  <testcase name="paymentOption" time="43.500" classname="com.RingPayScripts.PlayStore_Scripts"/>
  <system-out/>
  <testcase name="transaction_Initiate" time="64.144" classname="com.RingPayScripts.PlayStore_Scripts"/>
  <system-out/>
  <testcase name="transactionComplete" time="6.971" classname="com.RingPayScripts.PlayStore_Scripts"/>
  <system-out/>
  <testcase name="homeScreenForCurrentSpends" time="6.130" classname="com.RingPayScripts.PlayStore_Scripts"/>
  <system-out/>
  <testcase name="paymentValidate" time="4.048" classname="com.RingPayScripts.PlayStore_Scripts"/>
  <system-out/>
  <testcase name="notifyPaymentDone" time="3.785" classname="com.RingPayScripts.PlayStore_Scripts"/>
  <system-out/>
  <testcase name="getSettlementStatus" time="4.085" classname="com.RingPayScripts.PlayStore_Scripts"/>
  <system-out/>
</testsuite> <!-- com.RingPayScripts.PlayStore_Scripts -->
