<?xml version="1.0" encoding="UTF-8"?>
<!-- Generated by org.testng.reporters.JUnitReportReporter -->
<testsuite skipped="0" hostname="DESKTOP-077G3EM" name="com.RingPayScripts.RingPolicy_LTBC1_Scripts" tests="1" failures="0" timestamp="2023-01-24T15:15:54 IST" time="190.365" errors="0">
  <testcase name="RingPolicy_LTBC1" time="190.365" classname="com.RingPayScripts.RingPolicy_LTBC1_Scripts"/>
  <system-out/>
</testsuite> <!-- com.RingPayScripts.RingPolicy_LTBC1_Scripts -->
