<?xml version="1.0" encoding="UTF-8"?>
<!-- Generated by org.testng.reporters.JUnitReportReporter -->
<testsuite skipped="0" hostname="DESKTOP-077G3EM" name="com.RingPayScripts.PromoCode_Scripts" tests="1" failures="0" timestamp="2023-01-05T13:34:42 IST" time="338.270" errors="0">
  <testcase name="PromoCode_Journey" time="338.270" classname="com.RingPayScripts.PromoCode_Scripts"/>
  <system-out/>
</testsuite> <!-- com.RingPayScripts.PromoCode_Scripts -->
