<?xml version="1.0" encoding="UTF-8"?>
<!-- Generated by org.testng.reporters.JUnitReportReporter -->
<testsuite skipped="0" hostname="DESKTOP-077G3EM" name="com.RingPayScripts.PromoCode_Scripts" tests="30" failures="0" timestamp="2022-12-19T17:01:29 IST" time="382.788" errors="0">
  <testcase name="userDetailsAPI_PromoCodeJourney" time="7.440" classname="com.RingPayScripts.PromoCode_Scripts"/>
  <system-out/>
  <testcase name="onloadAPI_PromoCodeJourney" time="1.423" classname="com.RingPayScripts.PromoCode_Scripts"/>
  <system-out/>
  <testcase name="sendOtp_Positive_PromoCodeJourney" time="2.284" classname="com.RingPayScripts.PromoCode_Scripts"/>
  <system-out/>
  <testcase name="userToken_PromoCodeJourney" time="6.320" classname="com.RingPayScripts.PromoCode_Scripts"/>
  <system-out/>
  <testcase name="promoCode_PromoCodeJourney" time="2.475" classname="com.RingPayScripts.PromoCode_Scripts"/>
  <system-out/>
  <testcase name="updateUserDetils_200_PromoCodeJourney" time="55.972" classname="com.RingPayScripts.PromoCode_Scripts"/>
  <system-out/>
  <testcase name="loginUser_PromoCodeJourney" time="2.656" classname="com.RingPayScripts.PromoCode_Scripts"/>
  <system-out/>
  <testcase name="registerUser_PromoCodeJourney" time="2.639" classname="com.RingPayScripts.PromoCode_Scripts"/>
  <system-out/>
  <testcase name="locationRequire_PromoCodeJourney" time="2.835" classname="com.RingPayScripts.PromoCode_Scripts"/>
  <system-out/>
  <testcase name="getUserDetails_PromoCodeJourney" time="2.355" classname="com.RingPayScripts.PromoCode_Scripts"/>
  <system-out/>
  <testcase name="user_onboarding_PromoCodeJourney" time="32.904" classname="com.RingPayScripts.PromoCode_Scripts"/>
  <system-out/>
  <testcase name="create_bnpl_transaction_PromoCodeJourney" time="25.650" classname="com.RingPayScripts.PromoCode_Scripts"/>
  <system-out/>
  <testcase name="upadate_user_status_PromoCodeJourney" time="35.147" classname="com.RingPayScripts.PromoCode_Scripts"/>
  <system-out/>
  <testcase name="check_Application_Eligibility_PromoCodeJourney" time="65.761" classname="com.RingPayScripts.PromoCode_Scripts"/>
  <system-out/>
  <testcase name="add_addressAPI" time="15.378" classname="com.RingPayScripts.PromoCode_Scripts"/>
  <system-out/>
  <testcase name="get_Offer_Details_PromoCodeJourney" time="9.274" classname="com.RingPayScripts.PromoCode_Scripts"/>
  <system-out/>
  <testcase name="accept_Offer_PromoCodeJourney" time="9.045" classname="com.RingPayScripts.PromoCode_Scripts"/>
  <system-out/>
  <testcase name="offerDetailsScreen_CheckApplicationEligibility_PromoCodeJourney" time="12.362" classname="com.RingPayScripts.PromoCode_Scripts"/>
  <system-out/>
  <testcase name="getPinDetails_PromoCodeJourney" time="2.789" classname="com.RingPayScripts.PromoCode_Scripts"/>
  <system-out/>
  <testcase name="sendOtpForPin_PromoCodeJourney" time="3.071" classname="com.RingPayScripts.PromoCode_Scripts"/>
  <system-out/>
  <testcase name="setResetPin_PromoCodeJourney" time="5.100" classname="com.RingPayScripts.PromoCode_Scripts"/>
  <system-out/>
  <testcase name="afterResetPin_GetPinDetails_PromoCodeJourney" time="2.714" classname="com.RingPayScripts.PromoCode_Scripts"/>
  <system-out/>
  <testcase name="bnplLines_PromoCodeJourney" time="8.804" classname="com.RingPayScripts.PromoCode_Scripts"/>
  <system-out/>
  <testcase name="paymentOption_PromoCodeJourney" time="21.615" classname="com.RingPayScripts.PromoCode_Scripts"/>
  <system-out/>
  <testcase name="transaction_Initiate_PromoCodeJourney" time="30.420" classname="com.RingPayScripts.PromoCode_Scripts"/>
  <system-out/>
  <testcase name="transactionComplete_PromoCodeJourney" time="3.857" classname="com.RingPayScripts.PromoCode_Scripts"/>
  <system-out/>
  <testcase name="homeScreenForCurrentSpends_PromoCodeJourney" time="3.070" classname="com.RingPayScripts.PromoCode_Scripts"/>
  <system-out/>
  <testcase name="paymentValidate_PromoCodeJourney" time="2.206" classname="com.RingPayScripts.PromoCode_Scripts"/>
  <system-out/>
  <testcase name="notifyPaymentDone_PromoCodeJourney" time="1.731" classname="com.RingPayScripts.PromoCode_Scripts"/>
  <system-out/>
  <testcase name="getSettlementStatus_PromoCodeJourney" time="5.491" classname="com.RingPayScripts.PromoCode_Scripts"/>
  <system-out/>
</testsuite> <!-- com.RingPayScripts.PromoCode_Scripts -->
