<?xml version="1.0" encoding="UTF-8"?>
<!-- Generated by org.testng.reporters.JUnitReportReporter -->
<testsuite skipped="0" hostname="DESKTOP-077G3EM" name="com.RingPayScripts.MerchantQRCode_Scripts" tests="15" failures="0" timestamp="2022-12-27T16:26:15 IST" time="377.702" errors="1">
  <testcase name="userDetailsAPI" time="6.739" classname="com.RingPayScripts.MerchantQRCode_Scripts"/>
  <system-out/>
  <testcase name="onloadAndroidVersionCheckAPI" time="1.522" classname="com.RingPayScripts.MerchantQRCode_Scripts"/>
  <system-out/>
  <testcase name="getVPADetails" time="1.805" classname="com.RingPayScripts.MerchantQRCode_Scripts"/>
  <system-out/>
  <testcase name="sendOtp_Positive" time="9.010" classname="com.RingPayScripts.MerchantQRCode_Scripts"/>
  <system-out/>
  <testcase name="userToken" time="13.876" classname="com.RingPayScripts.MerchantQRCode_Scripts"/>
  <system-out/>
  <testcase name="loginUser" time="6.394" classname="com.RingPayScripts.MerchantQRCode_Scripts"/>
  <system-out/>
  <testcase name="registeruser" time="5.646" classname="com.RingPayScripts.MerchantQRCode_Scripts"/>
  <system-out/>
  <testcase name="updateUserDetils_200" time="119.670" classname="com.RingPayScripts.MerchantQRCode_Scripts"/>
  <system-out/>
  <testcase name="locationRequire" time="5.752" classname="com.RingPayScripts.MerchantQRCode_Scripts"/>
  <system-out/>
  <testcase name="getUserDetails_Positive" time="5.740" classname="com.RingPayScripts.MerchantQRCode_Scripts"/>
  <system-out/>
  <testcase name="user_onboarding_200" time="62.063" classname="com.RingPayScripts.MerchantQRCode_Scripts"/>
  <system-out/>
  <testcase name="create_bnpl_transaction" time="41.368" classname="com.RingPayScripts.MerchantQRCode_Scripts"/>
  <system-out/>
  <testcase name="update_user_status_200" time="38.912" classname="com.RingPayScripts.MerchantQRCode_Scripts"/>
  <system-out/>
  <testcase name="check_Application_Eligibility" time="15.166" classname="com.RingPayScripts.MerchantQRCode_Scripts">
    <error type="java.lang.NullPointerException">
      <![CDATA[java.lang.NullPointerException
at com.utility.Validation.assertTrue(Validation.java:351)
at com.business.RingPay_MerchantQRCode_Journey.BasicDetailScreen_Check_Application_Eligibility.checkApplicationEligibility_Positive(BasicDetailScreen_Check_Application_Eligibility.java:46)
at com.RingPayScripts.MerchantQRCode_Scripts.check_Application_Eligibility(MerchantQRCode_Scripts.java:292)
at sun.reflect.NativeMethodAccessorImpl.invoke0(Native Method)
at sun.reflect.NativeMethodAccessorImpl.invoke(NativeMethodAccessorImpl.java:62)
at sun.reflect.DelegatingMethodAccessorImpl.invoke(DelegatingMethodAccessorImpl.java:43)
at java.lang.reflect.Method.invoke(Method.java:498)
at org.testng.internal.MethodInvocationHelper.invokeMethod(MethodInvocationHelper.java:134)
at org.testng.internal.TestInvoker.invokeMethod(TestInvoker.java:597)
at org.testng.internal.TestInvoker.invokeTestMethod(TestInvoker.java:173)
at org.testng.internal.MethodRunner.runInSequence(MethodRunner.java:46)
at org.testng.internal.TestInvoker$MethodInvocationAgent.invoke(TestInvoker.java:816)
at org.testng.internal.TestInvoker.invokeTestMethods(TestInvoker.java:146)
at org.testng.internal.TestMethodWorker.invokeTestMethods(TestMethodWorker.java:146)
at org.testng.internal.TestMethodWorker.run(TestMethodWorker.java:128)
at java.util.ArrayList.forEach(ArrayList.java:1257)
at org.testng.TestRunner.privateRun(TestRunner.java:766)
at org.testng.TestRunner.run(TestRunner.java:587)
at org.testng.SuiteRunner.runTest(SuiteRunner.java:384)
at org.testng.SuiteRunner.runSequentially(SuiteRunner.java:378)
at org.testng.SuiteRunner.privateRun(SuiteRunner.java:337)
at org.testng.SuiteRunner.run(SuiteRunner.java:286)
at org.testng.SuiteRunnerWorker.runSuite(SuiteRunnerWorker.java:53)
at org.testng.SuiteRunnerWorker.run(SuiteRunnerWorker.java:96)
at org.testng.TestNG.runSuitesSequentially(TestNG.java:1187)
at org.testng.TestNG.runSuitesLocally(TestNG.java:1109)
at org.testng.TestNG.runSuites(TestNG.java:1039)
at org.testng.TestNG.run(TestNG.java:1007)
at org.testng.remote.AbstractRemoteTestNG.run(AbstractRemoteTestNG.java:115)
at org.testng.remote.RemoteTestNG.initAndRun(RemoteTestNG.java:251)
at org.testng.remote.RemoteTestNG.main(RemoteTestNG.java:77)
]]>
    </error>
  </testcase> <!-- check_Application_Eligibility -->
  <system-out/>
  <testcase name="add_addressAPI" time="44.039" classname="com.RingPayScripts.MerchantQRCode_Scripts"/>
  <system-out/>
</testsuite> <!-- com.RingPayScripts.MerchantQRCode_Scripts -->
