<?xml version="1.0" encoding="UTF-8"?>
<!-- Generated by org.testng.reporters.JUnitReportReporter -->
<testsuite skipped="0" hostname="DESKTOP-077G3EM" name="com.RingPayScripts.RingPolicy_L2_Scripts" tests="1" failures="0" timestamp="2023-02-02T16:15:09 IST" time="187.921" errors="0">
  <testcase name="RingPolicy_L2_TestCase" time="187.921" classname="com.RingPayScripts.RingPolicy_L2_Scripts"/>
  <system-out/>
</testsuite> <!-- com.RingPayScripts.RingPolicy_L2_Scripts -->
