<?xml version="1.0" encoding="UTF-8"?>
<!-- Generated by org.testng.reporters.JUnitReportReporter -->
<testsuite hostname="DESKTOP-077G3EM" failures="0" tests="24" name="com.RingPayScripts.MockUser_Scripts" time="290.257" errors="0" timestamp="2022-12-06T16:19:48 IST" skipped="0">
  <testcase classname="com.RingPayScripts.MockUser_Scripts" name="userDetailsAPI" time="5.568"/>
  <system-out/>
  <testcase classname="com.RingPayScripts.MockUser_Scripts" name="onloadAndroidVersionCheckAPI" time="0.639"/>
  <system-out/>
  <testcase classname="com.RingPayScripts.MockUser_Scripts" name="getVPADetails" time="0.866"/>
  <system-out/>
  <testcase classname="com.RingPayScripts.MockUser_Scripts" name="sendOtp_Positive" time="2.845"/>
  <system-out/>
  <testcase classname="com.RingPayScripts.MockUser_Scripts" name="userToken" time="7.568"/>
  <system-out/>
  <testcase classname="com.RingPayScripts.MockUser_Scripts" name="updateUserDetils_200" time="66.959"/>
  <system-out/>
  <testcase classname="com.RingPayScripts.MockUser_Scripts" name="loginUser" time="2.997"/>
  <system-out/>
  <testcase classname="com.RingPayScripts.MockUser_Scripts" name="registeruser" time="3.157"/>
  <system-out/>
  <testcase classname="com.RingPayScripts.MockUser_Scripts" name="getUserDetails_Positive" time="2.846"/>
  <system-out/>
  <testcase classname="com.RingPayScripts.MockUser_Scripts" name="user_onboarding_200" time="29.733"/>
  <system-out/>
  <testcase classname="com.RingPayScripts.MockUser_Scripts" name="create_bnpl_transaction" time="18.006"/>
  <system-out/>
  <testcase classname="com.RingPayScripts.MockUser_Scripts" name="upadate_user_status_200" time="3.174"/>
  <system-out/>
  <testcase classname="com.RingPayScripts.MockUser_Scripts" name="check_Application_Eligibility" time="44.802"/>
  <system-out/>
  <testcase classname="com.RingPayScripts.MockUser_Scripts" name="get_Offer_Details" time="5.156"/>
  <system-out/>
  <testcase classname="com.RingPayScripts.MockUser_Scripts" name="accept_Offer" time="4.680"/>
  <system-out/>
  <testcase classname="com.RingPayScripts.MockUser_Scripts" name="offerDetailsScreen_CheckApplicationEligibility" time="8.628"/>
  <system-out/>
  <testcase classname="com.RingPayScripts.MockUser_Scripts" name="bnplLines" time="3.499"/>
  <system-out/>
  <testcase classname="com.RingPayScripts.MockUser_Scripts" name="paymentOption" time="25.003"/>
  <system-out/>
  <testcase classname="com.RingPayScripts.MockUser_Scripts" name="transaction_Initiate" time="31.968"/>
  <system-out/>
  <testcase classname="com.RingPayScripts.MockUser_Scripts" name="transactionComplete" time="5.523"/>
  <system-out/>
  <testcase classname="com.RingPayScripts.MockUser_Scripts" name="homeScreenForCurrentSpends" time="4.383"/>
  <system-out/>
  <testcase classname="com.RingPayScripts.MockUser_Scripts" name="paymentValidate" time="2.935"/>
  <system-out/>
  <testcase classname="com.RingPayScripts.MockUser_Scripts" name="notifyPaymentDone" time="2.801"/>
  <system-out/>
  <testcase classname="com.RingPayScripts.MockUser_Scripts" name="getSettlementStatus" time="6.521"/>
  <system-out/>
</testsuite> <!-- com.RingPayScripts.MockUser_Scripts -->
