<?xml version="1.0" encoding="UTF-8"?>
<!-- Generated by org.testng.reporters.JUnitReportReporter -->
<testsuite skipped="0" hostname="DESKTOP-077G3EM" name="com.RingPayScripts.MerchantQRCode_Segment1_Scripts" tests="1" failures="0" timestamp="2023-01-24T15:53:57 IST" time="264.344" errors="0">
  <testcase name="MerChantQRCodeJourney_Segment1" time="264.344" classname="com.RingPayScripts.MerchantQRCode_Segment1_Scripts"/>
  <system-out/>
</testsuite> <!-- com.RingPayScripts.MerchantQRCode_Segment1_Scripts -->
