<?xml version="1.0" encoding="UTF-8"?>
<!-- Generated by org.testng.reporters.JUnitReportReporter -->
<testsuite skipped="0" hostname="DESKTOP-077G3EM" name="com.RingPayScripts.RingPolicy_L3_Scripts" tests="1" failures="0" timestamp="2023-01-10T16:58:40 IST" time="205.584" errors="0">
  <testcase name="Ringpolicy_L3" time="205.584" classname="com.RingPayScripts.RingPolicy_L3_Scripts"/>
  <system-out/>
</testsuite> <!-- com.RingPayScripts.RingPolicy_L3_Scripts -->
