<?xml version="1.0" encoding="UTF-8"?>
<!-- Generated by org.testng.reporters.JUnitReportReporter -->
<testsuite skipped="0" hostname="DESKTOP-077G3EM" name="com.RingPayScripts.PlayStore_Scripts" tests="1" failures="0" timestamp="2023-02-02T16:15:09 IST" time="226.544" errors="0">
  <testcase name="PlayStore_Journey" time="226.544" classname="com.RingPayScripts.PlayStore_Scripts"/>
  <system-out/>
</testsuite> <!-- com.RingPayScripts.PlayStore_Scripts -->
