<?xml version="1.0" encoding="UTF-8"?>
<!-- Generated by org.testng.reporters.JUnitReportReporter -->
<testsuite skipped="0" hostname="DESKTOP-077G3EM" name="com.RingPayScripts.RingPolicy_Scripts" tests="20" failures="0" timestamp="2022-12-19T15:47:02 IST" time="347.763" errors="0">
  <testcase name="userDetailsAPI" time="8.244" classname="com.RingPayScripts.RingPolicy_Scripts"/>
  <system-out/>
  <testcase name="onloadAndroidVersionCheckAPI" time="0.846" classname="com.RingPayScripts.RingPolicy_Scripts"/>
  <system-out/>
  <testcase name="getVPADetails" time="0.923" classname="com.RingPayScripts.RingPolicy_Scripts"/>
  <system-out/>
  <testcase name="sendOtp_Positive" time="4.057" classname="com.RingPayScripts.RingPolicy_Scripts"/>
  <system-out/>
  <testcase name="userToken" time="7.128" classname="com.RingPayScripts.RingPolicy_Scripts"/>
  <system-out/>
  <testcase name="updateUserDetils_200" time="67.105" classname="com.RingPayScripts.RingPolicy_Scripts"/>
  <system-out/>
  <testcase name="loginUser" time="3.300" classname="com.RingPayScripts.RingPolicy_Scripts"/>
  <system-out/>
  <testcase name="RegularOffer_LTBC1" time="3.823" classname="com.RingPayScripts.RingPolicy_Scripts"/>
  <system-out/>
  <testcase name="registeruser" time="3.399" classname="com.RingPayScripts.RingPolicy_Scripts"/>
  <system-out/>
  <testcase name="locationRequire" time="3.029" classname="com.RingPayScripts.RingPolicy_Scripts"/>
  <system-out/>
  <testcase name="getUserDetails_Positive" time="2.949" classname="com.RingPayScripts.RingPolicy_Scripts"/>
  <system-out/>
  <testcase name="user_onboarding_200" time="40.370" classname="com.RingPayScripts.RingPolicy_Scripts"/>
  <system-out/>
  <testcase name="create_bnpl_transaction" time="31.503" classname="com.RingPayScripts.RingPolicy_Scripts"/>
  <system-out/>
  <testcase name="update_user_status_200" time="37.029" classname="com.RingPayScripts.RingPolicy_Scripts"/>
  <system-out/>
  <testcase name="check_Application_Eligibility" time="70.945" classname="com.RingPayScripts.RingPolicy_Scripts"/>
  <system-out/>
  <testcase name="add_addressAPI" time="21.341" classname="com.RingPayScripts.RingPolicy_Scripts"/>
  <system-out/>
  <testcase name="get_Offer_Details" time="9.674" classname="com.RingPayScripts.RingPolicy_Scripts"/>
  <system-out/>
  <testcase name="accept_Offer" time="9.870" classname="com.RingPayScripts.RingPolicy_Scripts"/>
  <system-out/>
  <testcase name="offerDetailsScreen_CheckApplicationEligibility" time="13.180" classname="com.RingPayScripts.RingPolicy_Scripts"/>
  <system-out/>
  <testcase name="RegularOffer_LTBC1_DataBase" time="9.048" classname="com.RingPayScripts.RingPolicy_Scripts"/>
  <system-out/>
</testsuite> <!-- com.RingPayScripts.RingPolicy_Scripts -->
