<?xml version="1.0" encoding="UTF-8"?>
<!-- Generated by org.testng.reporters.JUnitReportReporter -->
<testsuite hostname="DESKTOP-077G3EM" failures="0" tests="24" name="com.RingPayScripts.MockUser_Scripts" time="304.408" errors="0" timestamp="2022-12-06T14:34:01 IST" skipped="0">
  <testcase classname="com.RingPayScripts.MockUser_Scripts" name="userDetailsAPI" time="6.354"/>
  <system-out/>
  <testcase classname="com.RingPayScripts.MockUser_Scripts" name="onloadAndroidVersionCheckAPI" time="0.667"/>
  <system-out/>
  <testcase classname="com.RingPayScripts.MockUser_Scripts" name="getVPADetails" time="0.780"/>
  <system-out/>
  <testcase classname="com.RingPayScripts.MockUser_Scripts" name="sendOtp_Positive" time="3.393"/>
  <system-out/>
  <testcase classname="com.RingPayScripts.MockUser_Scripts" name="userToken" time="7.938"/>
  <system-out/>
  <testcase classname="com.RingPayScripts.MockUser_Scripts" name="updateUserDetils_200" time="72.826"/>
  <system-out/>
  <testcase classname="com.RingPayScripts.MockUser_Scripts" name="loginUser" time="3.696"/>
  <system-out/>
  <testcase classname="com.RingPayScripts.MockUser_Scripts" name="registeruser" time="4.429"/>
  <system-out/>
  <testcase classname="com.RingPayScripts.MockUser_Scripts" name="getUserDetails_Positive" time="3.798"/>
  <system-out/>
  <testcase classname="com.RingPayScripts.MockUser_Scripts" name="user_onboarding_200" time="30.227"/>
  <system-out/>
  <testcase classname="com.RingPayScripts.MockUser_Scripts" name="create_bnpl_transaction" time="17.141"/>
  <system-out/>
  <testcase classname="com.RingPayScripts.MockUser_Scripts" name="upadate_user_status_200" time="3.161"/>
  <system-out/>
  <testcase classname="com.RingPayScripts.MockUser_Scripts" name="check_Application_Eligibility" time="46.015"/>
  <system-out/>
  <testcase classname="com.RingPayScripts.MockUser_Scripts" name="get_Offer_Details" time="5.065"/>
  <system-out/>
  <testcase classname="com.RingPayScripts.MockUser_Scripts" name="accept_Offer" time="4.769"/>
  <system-out/>
  <testcase classname="com.RingPayScripts.MockUser_Scripts" name="offerDetailsScreen_CheckApplicationEligibility" time="8.702"/>
  <system-out/>
  <testcase classname="com.RingPayScripts.MockUser_Scripts" name="bnplLines" time="4.068"/>
  <system-out/>
  <testcase classname="com.RingPayScripts.MockUser_Scripts" name="paymentOption" time="25.913"/>
  <system-out/>
  <testcase classname="com.RingPayScripts.MockUser_Scripts" name="transaction_Initiate" time="33.541"/>
  <system-out/>
  <testcase classname="com.RingPayScripts.MockUser_Scripts" name="transactionComplete" time="5.710"/>
  <system-out/>
  <testcase classname="com.RingPayScripts.MockUser_Scripts" name="homeScreenForCurrentSpends" time="4.372"/>
  <system-out/>
  <testcase classname="com.RingPayScripts.MockUser_Scripts" name="paymentValidate" time="2.690"/>
  <system-out/>
  <testcase classname="com.RingPayScripts.MockUser_Scripts" name="notifyPaymentDone" time="2.901"/>
  <system-out/>
  <testcase classname="com.RingPayScripts.MockUser_Scripts" name="getSettlementStatus" time="6.252"/>
  <system-out/>
</testsuite> <!-- com.RingPayScripts.MockUser_Scripts -->
