<?xml version="1.0" encoding="UTF-8"?>
<!-- Generated by org.testng.reporters.JUnitReportReporter -->
<testsuite hostname="DESKTOP-077G3EM" failures="0" tests="24" name="com.RingPayScripts.PromoCode_Scripts" time="260.625" errors="0" timestamp="2022-12-06T15:04:01 IST" skipped="0">
  <testcase classname="com.RingPayScripts.PromoCode_Scripts" name="userDetailsAPI" time="5.829"/>
  <system-out/>
  <testcase classname="com.RingPayScripts.PromoCode_Scripts" name="onloadAndroidVersionCheckAPI" time="0.401"/>
  <system-out/>
  <testcase classname="com.RingPayScripts.PromoCode_Scripts" name="sendOtp_Positive" time="2.127"/>
  <system-out/>
  <testcase classname="com.RingPayScripts.PromoCode_Scripts" name="userToken" time="5.932"/>
  <system-out/>
  <testcase classname="com.RingPayScripts.PromoCode_Scripts" name="promoCode" time="2.408"/>
  <system-out/>
  <testcase classname="com.RingPayScripts.PromoCode_Scripts" name="updateUserDetils_200" time="59.026"/>
  <system-out/>
  <testcase classname="com.RingPayScripts.PromoCode_Scripts" name="loginUser" time="2.574"/>
  <system-out/>
  <testcase classname="com.RingPayScripts.PromoCode_Scripts" name="registeruser" time="2.746"/>
  <system-out/>
  <testcase classname="com.RingPayScripts.PromoCode_Scripts" name="getUserDetails_Positive" time="2.617"/>
  <system-out/>
  <testcase classname="com.RingPayScripts.PromoCode_Scripts" name="user_onboarding_200" time="22.851"/>
  <system-out/>
  <testcase classname="com.RingPayScripts.PromoCode_Scripts" name="create_bnpl_transaction" time="14.192"/>
  <system-out/>
  <testcase classname="com.RingPayScripts.PromoCode_Scripts" name="upadate_user_status_200" time="2.577"/>
  <system-out/>
  <testcase classname="com.RingPayScripts.PromoCode_Scripts" name="check_Application_Eligibility" time="41.517"/>
  <system-out/>
  <testcase classname="com.RingPayScripts.PromoCode_Scripts" name="get_Offer_Details" time="4.134"/>
  <system-out/>
  <testcase classname="com.RingPayScripts.PromoCode_Scripts" name="accept_Offer" time="4.222"/>
  <system-out/>
  <testcase classname="com.RingPayScripts.PromoCode_Scripts" name="offerDetailsScreen_CheckApplicationEligibility" time="7.802"/>
  <system-out/>
  <testcase classname="com.RingPayScripts.PromoCode_Scripts" name="bnplLines" time="3.191"/>
  <system-out/>
  <testcase classname="com.RingPayScripts.PromoCode_Scripts" name="paymentOption" time="27.767"/>
  <system-out/>
  <testcase classname="com.RingPayScripts.PromoCode_Scripts" name="transaction_Initiate" time="30.575"/>
  <system-out/>
  <testcase classname="com.RingPayScripts.PromoCode_Scripts" name="transactionComplete" time="4.715"/>
  <system-out/>
  <testcase classname="com.RingPayScripts.PromoCode_Scripts" name="homeScreenForCurrentSpends" time="3.296"/>
  <system-out/>
  <testcase classname="com.RingPayScripts.PromoCode_Scripts" name="paymentValidate" time="2.156"/>
  <system-out/>
  <testcase classname="com.RingPayScripts.PromoCode_Scripts" name="notifyPaymentDone" time="2.534"/>
  <system-out/>
  <testcase classname="com.RingPayScripts.PromoCode_Scripts" name="getSettlementStatus" time="5.436"/>
  <system-out/>
</testsuite> <!-- com.RingPayScripts.PromoCode_Scripts -->
