<?xml version="1.0" encoding="UTF-8"?>
<!-- Generated by org.testng.reporters.JUnitReportReporter -->
<testsuite skipped="0" hostname="DESKTOP-077G3EM" name="com.RingPayScripts.MockUser_Scripts" tests="24" failures="0" timestamp="2022-12-06T17:37:56 IST" time="263.888" errors="0">
  <testcase name="userDetailsAPI" time="5.064" classname="com.RingPayScripts.MockUser_Scripts"/>
  <system-out/>
  <testcase name="onloadAndroidVersionCheckAPI" time="0.370" classname="com.RingPayScripts.MockUser_Scripts"/>
  <system-out/>
  <testcase name="getVPADetails" time="0.579" classname="com.RingPayScripts.MockUser_Scripts"/>
  <system-out/>
  <testcase name="sendOtp_Positive" time="2.209" classname="com.RingPayScripts.MockUser_Scripts"/>
  <system-out/>
  <testcase name="userToken" time="5.372" classname="com.RingPayScripts.MockUser_Scripts"/>
  <system-out/>
  <testcase name="updateUserDetils_200" time="59.106" classname="com.RingPayScripts.MockUser_Scripts"/>
  <system-out/>
  <testcase name="loginUser" time="2.438" classname="com.RingPayScripts.MockUser_Scripts"/>
  <system-out/>
  <testcase name="registeruser" time="2.528" classname="com.RingPayScripts.MockUser_Scripts"/>
  <system-out/>
  <testcase name="getUserDetails_Positive" time="2.333" classname="com.RingPayScripts.MockUser_Scripts"/>
  <system-out/>
  <testcase name="user_onboarding_200" time="33.793" classname="com.RingPayScripts.MockUser_Scripts"/>
  <system-out/>
  <testcase name="create_bnpl_transaction" time="13.493" classname="com.RingPayScripts.MockUser_Scripts"/>
  <system-out/>
  <testcase name="upadate_user_status_200" time="2.361" classname="com.RingPayScripts.MockUser_Scripts"/>
  <system-out/>
  <testcase name="check_Application_Eligibility" time="42.072" classname="com.RingPayScripts.MockUser_Scripts"/>
  <system-out/>
  <testcase name="get_Offer_Details" time="4.757" classname="com.RingPayScripts.MockUser_Scripts"/>
  <system-out/>
  <testcase name="accept_Offer" time="3.653" classname="com.RingPayScripts.MockUser_Scripts"/>
  <system-out/>
  <testcase name="offerDetailsScreen_CheckApplicationEligibility" time="6.583" classname="com.RingPayScripts.MockUser_Scripts"/>
  <system-out/>
  <testcase name="bnplLines" time="2.911" classname="com.RingPayScripts.MockUser_Scripts"/>
  <system-out/>
  <testcase name="paymentOption" time="31.941" classname="com.RingPayScripts.MockUser_Scripts"/>
  <system-out/>
  <testcase name="transaction_Initiate" time="24.863" classname="com.RingPayScripts.MockUser_Scripts"/>
  <system-out/>
  <testcase name="transactionComplete" time="4.625" classname="com.RingPayScripts.MockUser_Scripts"/>
  <system-out/>
  <testcase name="homeScreenForCurrentSpends" time="3.341" classname="com.RingPayScripts.MockUser_Scripts"/>
  <system-out/>
  <testcase name="paymentValidate" time="1.873" classname="com.RingPayScripts.MockUser_Scripts"/>
  <system-out/>
  <testcase name="notifyPaymentDone" time="2.265" classname="com.RingPayScripts.MockUser_Scripts"/>
  <system-out/>
  <testcase name="getSettlementStatus" time="5.358" classname="com.RingPayScripts.MockUser_Scripts"/>
  <system-out/>
</testsuite> <!-- com.RingPayScripts.MockUser_Scripts -->
