<?xml version="1.0" encoding="UTF-8"?>
<!-- Generated by org.testng.reporters.JUnitReportReporter -->
<testsuite skipped="0" hostname="DESKTOP-077G3EM" name="com.RingPayScripts.RingPolicy_L3_Scripts" tests="1" failures="0" timestamp="2023-01-24T13:38:39 IST" time="186.836" errors="0">
  <testcase name="Ringpolicy_L3" time="186.836" classname="com.RingPayScripts.RingPolicy_L3_Scripts"/>
  <system-out/>
</testsuite> <!-- com.RingPayScripts.RingPolicy_L3_Scripts -->
