<?xml version="1.0" encoding="UTF-8"?>
<!-- Generated by org.testng.reporters.JUnitReportReporter -->
<testsuite skipped="0" hostname="DESKTOP-077G3EM" name="com.RingPayScripts.RingPolicy_L1_Scripts" tests="1" failures="0" timestamp="2023-01-31T17:06:05 IST" time="177.347" errors="0">
  <testcase name="RingPolicy_L1_TestCase" time="177.347" classname="com.RingPayScripts.RingPolicy_L1_Scripts"/>
  <system-out/>
</testsuite> <!-- com.RingPayScripts.RingPolicy_L1_Scripts -->
