<?xml version="1.0" encoding="UTF-8"?>
<!-- Generated by org.testng.reporters.JUnitReportReporter -->
<testsuite skipped="0" hostname="DESKTOP-077G3EM" name="com.RingPayScripts.PlayStore_Scripts" tests="29" failures="0" timestamp="2022-12-22T12:20:55 IST" time="631.485" errors="0">
  <testcase name="userDetailsAPI" time="6.762" classname="com.RingPayScripts.PlayStore_Scripts"/>
  <system-out/>
  <testcase name="onloadAndroidVersionCheckAPI" time="1.347" classname="com.RingPayScripts.PlayStore_Scripts"/>
  <system-out/>
  <testcase name="sendOtp_Positive" time="9.158" classname="com.RingPayScripts.PlayStore_Scripts"/>
  <system-out/>
  <testcase name="userToken" time="13.351" classname="com.RingPayScripts.PlayStore_Scripts"/>
  <system-out/>
  <testcase name="loginUser" time="6.096" classname="com.RingPayScripts.PlayStore_Scripts"/>
  <system-out/>
  <testcase name="updateUserDetils_200" time="111.762" classname="com.RingPayScripts.PlayStore_Scripts"/>
  <system-out/>
  <testcase name="registeruser" time="5.547" classname="com.RingPayScripts.PlayStore_Scripts"/>
  <system-out/>
  <testcase name="locationRequire" time="5.255" classname="com.RingPayScripts.PlayStore_Scripts"/>
  <system-out/>
  <testcase name="getUserDetails_Positive" time="5.465" classname="com.RingPayScripts.PlayStore_Scripts"/>
  <system-out/>
  <testcase name="user_onboarding_200" time="59.358" classname="com.RingPayScripts.PlayStore_Scripts"/>
  <system-out/>
  <testcase name="create_bnpl_transaction" time="39.311" classname="com.RingPayScripts.PlayStore_Scripts"/>
  <system-out/>
  <testcase name="update_user_status_200" time="37.656" classname="com.RingPayScripts.PlayStore_Scripts"/>
  <system-out/>
  <testcase name="check_Application_Eligibility" time="71.404" classname="com.RingPayScripts.PlayStore_Scripts"/>
  <system-out/>
  <testcase name="add_addressAPI" time="43.911" classname="com.RingPayScripts.PlayStore_Scripts"/>
  <system-out/>
  <testcase name="get_Offer_Details" time="13.339" classname="com.RingPayScripts.PlayStore_Scripts"/>
  <system-out/>
  <testcase name="accept_Offer" time="13.217" classname="com.RingPayScripts.PlayStore_Scripts"/>
  <system-out/>
  <testcase name="offerDetailsScreen_CheckApplicationEligibility" time="18.599" classname="com.RingPayScripts.PlayStore_Scripts"/>
  <system-out/>
  <testcase name="getPinDetails" time="5.334" classname="com.RingPayScripts.PlayStore_Scripts"/>
  <system-out/>
  <testcase name="sendOtpForPin" time="5.390" classname="com.RingPayScripts.PlayStore_Scripts"/>
  <system-out/>
  <testcase name="setResetPin" time="11.015" classname="com.RingPayScripts.PlayStore_Scripts"/>
  <system-out/>
  <testcase name="afterResetPin_getPinDetails" time="5.338" classname="com.RingPayScripts.PlayStore_Scripts"/>
  <system-out/>
  <testcase name="bnplLines" time="11.519" classname="com.RingPayScripts.PlayStore_Scripts"/>
  <system-out/>
  <testcase name="paymentOption" time="41.918" classname="com.RingPayScripts.PlayStore_Scripts"/>
  <system-out/>
  <testcase name="transaction_Initiate" time="60.261" classname="com.RingPayScripts.PlayStore_Scripts"/>
  <system-out/>
  <testcase name="transactionComplete" time="6.498" classname="com.RingPayScripts.PlayStore_Scripts"/>
  <system-out/>
  <testcase name="homeScreenForCurrentSpends" time="5.901" classname="com.RingPayScripts.PlayStore_Scripts"/>
  <system-out/>
  <testcase name="paymentValidate" time="4.675" classname="com.RingPayScripts.PlayStore_Scripts"/>
  <system-out/>
  <testcase name="notifyPaymentDone" time="3.751" classname="com.RingPayScripts.PlayStore_Scripts"/>
  <system-out/>
  <testcase name="getSettlementStatus" time="8.347" classname="com.RingPayScripts.PlayStore_Scripts"/>
  <system-out/>
</testsuite> <!-- com.RingPayScripts.PlayStore_Scripts -->
