<?xml version="1.0" encoding="UTF-8"?>
<!-- Generated by org.testng.reporters.JUnitReportReporter -->
<testsuite skipped="2" hostname="DESKTOP-077G3EM" name="com.RingPayScripts.RingPay_Scripts" tests="3" failures="0" timestamp="2022-12-20T18:14:38 IST" time="86.775" errors="0">
  <testcase name="PlayStoreCode_Journey" time="86.775" classname="com.RingPayScripts.RingPay_Scripts"/>
  <system-out/>
  <testcase name="MerchantQRCode_Journey" classname="com.RingPayScripts.RingPay_Scripts">
    <skipped/>
  </testcase> <!-- MerchantQRCode_Journey -->
  <system-out/>
  <testcase name="PromoCode_Journey" classname="com.RingPayScripts.RingPay_Scripts">
    <skipped/>
  </testcase> <!-- PromoCode_Journey -->
  <system-out/>
</testsuite> <!-- com.RingPayScripts.RingPay_Scripts -->
