<?xml version="1.0" encoding="UTF-8"?>
<!-- Generated by org.testng.reporters.JUnitReportReporter -->
<testsuite skipped="0" hostname="DESKTOP-077G3EM" name="com.RingPayScripts.MockUser_Scripts" tests="13" failures="0" timestamp="2022-12-12T18:42:01 IST" time="237.644" errors="0">
  <testcase name="userDetailsAPI" time="8.541" classname="com.RingPayScripts.MockUser_Scripts"/>
  <system-out/>
  <testcase name="onloadAndroidVersionCheckAPI" time="0.730" classname="com.RingPayScripts.MockUser_Scripts"/>
  <system-out/>
  <testcase name="getVPADetails" time="0.895" classname="com.RingPayScripts.MockUser_Scripts"/>
  <system-out/>
  <testcase name="sendOtp_Positive" time="4.581" classname="com.RingPayScripts.MockUser_Scripts"/>
  <system-out/>
  <testcase name="userToken" time="10.231" classname="com.RingPayScripts.MockUser_Scripts"/>
  <system-out/>
  <testcase name="updateUserDetils_200" time="83.278" classname="com.RingPayScripts.MockUser_Scripts"/>
  <system-out/>
  <testcase name="loginUser" time="3.624" classname="com.RingPayScripts.MockUser_Scripts"/>
  <system-out/>
  <testcase name="registeruser" time="3.936" classname="com.RingPayScripts.MockUser_Scripts"/>
  <system-out/>
  <testcase name="locationRequire" time="3.649" classname="com.RingPayScripts.MockUser_Scripts"/>
  <system-out/>
  <testcase name="getUserDetails_Positive" time="3.382" classname="com.RingPayScripts.MockUser_Scripts"/>
  <system-out/>
  <testcase name="user_onboarding_200" time="43.303" classname="com.RingPayScripts.MockUser_Scripts"/>
  <system-out/>
  <testcase name="create_bnpl_transaction" time="31.781" classname="com.RingPayScripts.MockUser_Scripts"/>
  <system-out/>
  <testcase name="upadate_user_status_200" time="39.713" classname="com.RingPayScripts.MockUser_Scripts"/>
  <system-out/>
</testsuite> <!-- com.RingPayScripts.MockUser_Scripts -->
