<?xml version="1.0" encoding="UTF-8"?>
<!-- Generated by org.testng.reporters.JUnitReportReporter -->
<testsuite skipped="0" hostname="DESKTOP-077G3EM" name="com.RingPayScripts.RingPolicy_L2_Scripts" tests="1" failures="0" timestamp="2023-01-30T17:03:07 IST" time="135.426" errors="1">
  <testcase name="RingPolicy_L2_TestCase" time="135.426" classname="com.RingPayScripts.RingPolicy_L2_Scripts">
    <error type="java.lang.NullPointerException">
      <![CDATA[java.lang.NullPointerException
at java.io.StringReader.<init>(StringReader.java:50)
at org.json.JSONTokener.<init>(JSONTokener.java:94)
at org.json.JSONObject.<init>(JSONObject.java:399)
at com.business.RingPay_RingPolicy.RegularOffer_L2.RegularOffer_L2_DataBase(RegularOffer_L2.java:100)
at com.RingPayScripts.RingPolicy_L2_Scripts.RingPolicy_L2_TestCase(RingPolicy_L2_Scripts.java:359)
at sun.reflect.NativeMethodAccessorImpl.invoke0(Native Method)
at sun.reflect.NativeMethodAccessorImpl.invoke(NativeMethodAccessorImpl.java:62)
at sun.reflect.DelegatingMethodAccessorImpl.invoke(DelegatingMethodAccessorImpl.java:43)
at java.lang.reflect.Method.invoke(Method.java:498)
at org.testng.internal.MethodInvocationHelper.invokeMethod(MethodInvocationHelper.java:134)
at org.testng.internal.TestInvoker.invokeMethod(TestInvoker.java:597)
at org.testng.internal.TestInvoker.invokeTestMethod(TestInvoker.java:173)
at org.testng.internal.MethodRunner.runInSequence(MethodRunner.java:46)
at org.testng.internal.TestInvoker$MethodInvocationAgent.invoke(TestInvoker.java:816)
at org.testng.internal.TestInvoker.invokeTestMethods(TestInvoker.java:146)
at org.testng.internal.TestMethodWorker.invokeTestMethods(TestMethodWorker.java:146)
at org.testng.internal.TestMethodWorker.run(TestMethodWorker.java:128)
at java.util.concurrent.ThreadPoolExecutor.runWorker(ThreadPoolExecutor.java:1149)
at java.util.concurrent.ThreadPoolExecutor$Worker.run(ThreadPoolExecutor.java:624)
at java.lang.Thread.run(Thread.java:748)
]]>
    </error>
  </testcase> <!-- RingPolicy_L2_TestCase -->
  <system-out/>
</testsuite> <!-- com.RingPayScripts.RingPolicy_L2_Scripts -->
