<?xml version="1.0" encoding="UTF-8"?>
<!-- Generated by org.testng.reporters.JUnitReportReporter -->
<testsuite skipped="0" hostname="DESKTOP-077G3EM" name="com.RingPayScripts.RingPolicy_LTBC1_Scripts" tests="20" failures="0" timestamp="2022-12-21T12:28:09 IST" time="526.849" errors="0">
  <testcase name="userDetailsAPI" time="9.063" classname="com.RingPayScripts.RingPolicy_LTBC1_Scripts"/>
  <system-out/>
  <testcase name="onloadAndroidVersionCheckAPI" time="1.564" classname="com.RingPayScripts.RingPolicy_LTBC1_Scripts"/>
  <system-out/>
  <testcase name="getVPADetails" time="1.847" classname="com.RingPayScripts.RingPolicy_LTBC1_Scripts"/>
  <system-out/>
  <testcase name="sendOtp_Positive" time="8.632" classname="com.RingPayScripts.RingPolicy_LTBC1_Scripts"/>
  <system-out/>
  <testcase name="userToken" time="14.241" classname="com.RingPayScripts.RingPolicy_LTBC1_Scripts"/>
  <system-out/>
  <testcase name="loginUser" time="6.274" classname="com.RingPayScripts.RingPolicy_LTBC1_Scripts"/>
  <system-out/>
  <testcase name="RegularOffer_LTBC1" time="7.120" classname="com.RingPayScripts.RingPolicy_LTBC1_Scripts"/>
  <system-out/>
  <testcase name="registeruser" time="6.321" classname="com.RingPayScripts.RingPolicy_LTBC1_Scripts"/>
  <system-out/>
  <testcase name="updateUserDetils_200" time="126.248" classname="com.RingPayScripts.RingPolicy_LTBC1_Scripts"/>
  <system-out/>
  <testcase name="locationRequire" time="5.744" classname="com.RingPayScripts.RingPolicy_LTBC1_Scripts"/>
  <system-out/>
  <testcase name="getUserDetails_Positive" time="5.899" classname="com.RingPayScripts.RingPolicy_LTBC1_Scripts"/>
  <system-out/>
  <testcase name="user_onboarding_200" time="64.472" classname="com.RingPayScripts.RingPolicy_LTBC1_Scripts"/>
  <system-out/>
  <testcase name="create_bnpl_transaction" time="43.053" classname="com.RingPayScripts.RingPolicy_LTBC1_Scripts"/>
  <system-out/>
  <testcase name="update_user_status_200" time="39.106" classname="com.RingPayScripts.RingPolicy_LTBC1_Scripts"/>
  <system-out/>
  <testcase name="check_Application_Eligibility" time="78.260" classname="com.RingPayScripts.RingPolicy_LTBC1_Scripts"/>
  <system-out/>
  <testcase name="add_addressAPI" time="47.402" classname="com.RingPayScripts.RingPolicy_LTBC1_Scripts"/>
  <system-out/>
  <testcase name="get_Offer_Details" time="14.020" classname="com.RingPayScripts.RingPolicy_LTBC1_Scripts"/>
  <system-out/>
  <testcase name="accept_Offer" time="14.055" classname="com.RingPayScripts.RingPolicy_LTBC1_Scripts"/>
  <system-out/>
  <testcase name="offerDetailsScreen_CheckApplicationEligibility" time="20.422" classname="com.RingPayScripts.RingPolicy_LTBC1_Scripts"/>
  <system-out/>
  <testcase name="RegularOffer_LTBC1_DataBase" time="13.106" classname="com.RingPayScripts.RingPolicy_LTBC1_Scripts"/>
  <system-out/>
</testsuite> <!-- com.RingPayScripts.RingPolicy_LTBC1_Scripts -->
