<?xml version="1.0" encoding="UTF-8"?>
<!-- Generated by org.testng.reporters.JUnitReportReporter -->
<testsuite skipped="0" hostname="DESKTOP-077G3EM" name="com.RingPayScripts.MockUser_Scripts" tests="29" failures="0" timestamp="2022-12-14T11:38:21 IST" time="384.042" errors="0">
  <testcase name="userDetailsAPI" time="6.191" classname="com.RingPayScripts.MockUser_Scripts"/>
  <system-out/>
  <testcase name="onloadAndroidVersionCheckAPI" time="0.589" classname="com.RingPayScripts.MockUser_Scripts"/>
  <system-out/>
  <testcase name="getVPADetails" time="0.792" classname="com.RingPayScripts.MockUser_Scripts"/>
  <system-out/>
  <testcase name="sendOtp_Positive" time="2.577" classname="com.RingPayScripts.MockUser_Scripts"/>
  <system-out/>
  <testcase name="userToken" time="6.387" classname="com.RingPayScripts.MockUser_Scripts"/>
  <system-out/>
  <testcase name="updateUserDetils_200" time="60.164" classname="com.RingPayScripts.MockUser_Scripts"/>
  <system-out/>
  <testcase name="loginUser" time="2.673" classname="com.RingPayScripts.MockUser_Scripts"/>
  <system-out/>
  <testcase name="registeruser" time="2.715" classname="com.RingPayScripts.MockUser_Scripts"/>
  <system-out/>
  <testcase name="locationRequire" time="2.633" classname="com.RingPayScripts.MockUser_Scripts"/>
  <system-out/>
  <testcase name="getUserDetails_Positive" time="2.532" classname="com.RingPayScripts.MockUser_Scripts"/>
  <system-out/>
  <testcase name="user_onboarding_200" time="34.512" classname="com.RingPayScripts.MockUser_Scripts"/>
  <system-out/>
  <testcase name="create_bnpl_transaction" time="26.117" classname="com.RingPayScripts.MockUser_Scripts"/>
  <system-out/>
  <testcase name="update_user_status_200" time="37.321" classname="com.RingPayScripts.MockUser_Scripts"/>
  <system-out/>
  <testcase name="check_Application_Eligibility" time="57.795" classname="com.RingPayScripts.MockUser_Scripts"/>
  <system-out/>
  <testcase name="get_Offer_Details" time="10.429" classname="com.RingPayScripts.MockUser_Scripts"/>
  <system-out/>
  <testcase name="accept_Offer" time="9.984" classname="com.RingPayScripts.MockUser_Scripts"/>
  <system-out/>
  <testcase name="offerDetailsScreen_CheckApplicationEligibility" time="13.854" classname="com.RingPayScripts.MockUser_Scripts"/>
  <system-out/>
  <testcase name="getPinDetails" time="3.112" classname="com.RingPayScripts.MockUser_Scripts"/>
  <system-out/>
  <testcase name="sendOtpForPin" time="3.065" classname="com.RingPayScripts.MockUser_Scripts"/>
  <system-out/>
  <testcase name="setResetPin" time="6.180" classname="com.RingPayScripts.MockUser_Scripts"/>
  <system-out/>
  <testcase name="afterResetPin_getPinDetails" time="3.217" classname="com.RingPayScripts.MockUser_Scripts"/>
  <system-out/>
  <testcase name="bnplLines" time="9.539" classname="com.RingPayScripts.MockUser_Scripts"/>
  <system-out/>
  <testcase name="paymentOption" time="26.221" classname="com.RingPayScripts.MockUser_Scripts"/>
  <system-out/>
  <testcase name="transaction_Initiate" time="34.728" classname="com.RingPayScripts.MockUser_Scripts"/>
  <system-out/>
  <testcase name="transactionComplete" time="5.943" classname="com.RingPayScripts.MockUser_Scripts"/>
  <system-out/>
  <testcase name="homeScreenForCurrentSpends" time="3.773" classname="com.RingPayScripts.MockUser_Scripts"/>
  <system-out/>
  <testcase name="paymentValidate" time="2.512" classname="com.RingPayScripts.MockUser_Scripts"/>
  <system-out/>
  <testcase name="notifyPaymentDone" time="2.727" classname="com.RingPayScripts.MockUser_Scripts"/>
  <system-out/>
  <testcase name="getSettlementStatus" time="5.760" classname="com.RingPayScripts.MockUser_Scripts"/>
  <system-out/>
</testsuite> <!-- com.RingPayScripts.MockUser_Scripts -->
