<?xml version="1.0" encoding="UTF-8"?>
<!-- Generated by org.testng.reporters.JUnitReportReporter -->
<testsuite skipped="0" hostname="DESKTOP-077G3EM" name="com.RingPayScripts.RingPolicy_L2_Scripts" tests="20" failures="0" timestamp="2022-12-22T18:03:25 IST" time="497.426" errors="0">
  <testcase name="userDetailsAPI" time="7.564" classname="com.RingPayScripts.RingPolicy_L2_Scripts"/>
  <system-out/>
  <testcase name="onloadAndroidVersionCheckAPI" time="1.585" classname="com.RingPayScripts.RingPolicy_L2_Scripts"/>
  <system-out/>
  <testcase name="getVPADetails" time="1.656" classname="com.RingPayScripts.RingPolicy_L2_Scripts"/>
  <system-out/>
  <testcase name="sendOtp_Positive" time="8.833" classname="com.RingPayScripts.RingPolicy_L2_Scripts"/>
  <system-out/>
  <testcase name="userToken" time="13.752" classname="com.RingPayScripts.RingPolicy_L2_Scripts"/>
  <system-out/>
  <testcase name="loginUser" time="6.215" classname="com.RingPayScripts.RingPolicy_L2_Scripts"/>
  <system-out/>
  <testcase name="RegularOffer_L2" time="6.446" classname="com.RingPayScripts.RingPolicy_L2_Scripts"/>
  <system-out/>
  <testcase name="registeruser" time="6.548" classname="com.RingPayScripts.RingPolicy_L2_Scripts"/>
  <system-out/>
  <testcase name="updateUserDetils_200" time="115.974" classname="com.RingPayScripts.RingPolicy_L2_Scripts"/>
  <system-out/>
  <testcase name="locationRequire" time="5.230" classname="com.RingPayScripts.RingPolicy_L2_Scripts"/>
  <system-out/>
  <testcase name="getUserDetails_Positive" time="5.475" classname="com.RingPayScripts.RingPolicy_L2_Scripts"/>
  <system-out/>
  <testcase name="user_onboarding_200" time="59.469" classname="com.RingPayScripts.RingPolicy_L2_Scripts"/>
  <system-out/>
  <testcase name="create_bnpl_transaction" time="40.030" classname="com.RingPayScripts.RingPolicy_L2_Scripts"/>
  <system-out/>
  <testcase name="update_user_status_200" time="37.428" classname="com.RingPayScripts.RingPolicy_L2_Scripts"/>
  <system-out/>
  <testcase name="check_Application_Eligibility" time="75.510" classname="com.RingPayScripts.RingPolicy_L2_Scripts"/>
  <system-out/>
  <testcase name="add_addressAPI" time="45.729" classname="com.RingPayScripts.RingPolicy_L2_Scripts"/>
  <system-out/>
  <testcase name="get_Offer_Details" time="13.840" classname="com.RingPayScripts.RingPolicy_L2_Scripts"/>
  <system-out/>
  <testcase name="accept_Offer" time="13.542" classname="com.RingPayScripts.RingPolicy_L2_Scripts"/>
  <system-out/>
  <testcase name="offerDetailsScreen_CheckApplicationEligibility" time="19.061" classname="com.RingPayScripts.RingPolicy_L2_Scripts"/>
  <system-out/>
  <testcase name="RegularOffer_L2_DataBase" time="13.539" classname="com.RingPayScripts.RingPolicy_L2_Scripts"/>
  <system-out/>
</testsuite> <!-- com.RingPayScripts.RingPolicy_L2_Scripts -->
