<?xml version="1.0" encoding="UTF-8"?>
<!-- Generated by org.testng.reporters.JUnitReportReporter -->
<testsuite skipped="0" hostname="DESKTOP-077G3EM" name="com.RingPayScripts.MockUser_Scripts" tests="29" failures="0" timestamp="2022-12-09T17:16:07 IST" time="260.888" errors="0">
  <testcase name="userDetailsAPI" time="5.357" classname="com.RingPayScripts.MockUser_Scripts"/>
  <system-out/>
  <testcase name="onloadAndroidVersionCheckAPI" time="0.282" classname="com.RingPayScripts.MockUser_Scripts"/>
  <system-out/>
  <testcase name="getVPADetails" time="0.521" classname="com.RingPayScripts.MockUser_Scripts"/>
  <system-out/>
  <testcase name="sendOtp_Positive" time="1.843" classname="com.RingPayScripts.MockUser_Scripts"/>
  <system-out/>
  <testcase name="userToken" time="5.226" classname="com.RingPayScripts.MockUser_Scripts"/>
  <system-out/>
  <testcase name="updateUserDetils_200" time="56.788" classname="com.RingPayScripts.MockUser_Scripts"/>
  <system-out/>
  <testcase name="loginUser" time="2.538" classname="com.RingPayScripts.MockUser_Scripts"/>
  <system-out/>
  <testcase name="registeruser" time="2.692" classname="com.RingPayScripts.MockUser_Scripts"/>
  <system-out/>
  <testcase name="locationRequire_PromoCodeJourney" time="2.344" classname="com.RingPayScripts.MockUser_Scripts"/>
  <system-out/>
  <testcase name="getUserDetails_Positive" time="2.466" classname="com.RingPayScripts.MockUser_Scripts"/>
  <system-out/>
  <testcase name="user_onboarding_200" time="32.701" classname="com.RingPayScripts.MockUser_Scripts"/>
  <system-out/>
  <testcase name="create_bnpl_transaction" time="14.503" classname="com.RingPayScripts.MockUser_Scripts"/>
  <system-out/>
  <testcase name="upadate_user_status_200" time="2.292" classname="com.RingPayScripts.MockUser_Scripts"/>
  <system-out/>
  <testcase name="check_Application_Eligibility" time="39.063" classname="com.RingPayScripts.MockUser_Scripts"/>
  <system-out/>
  <testcase name="get_Offer_Details" time="3.781" classname="com.RingPayScripts.MockUser_Scripts"/>
  <system-out/>
  <testcase name="accept_Offer" time="3.720" classname="com.RingPayScripts.MockUser_Scripts"/>
  <system-out/>
  <testcase name="offerDetailsScreen_CheckApplicationEligibility" time="7.140" classname="com.RingPayScripts.MockUser_Scripts"/>
  <system-out/>
  <testcase name="getPinDetails" time="2.518" classname="com.RingPayScripts.MockUser_Scripts"/>
  <system-out/>
  <testcase name="sendOtpForPin" time="2.412" classname="com.RingPayScripts.MockUser_Scripts"/>
  <system-out/>
  <testcase name="setResetPin" time="4.683" classname="com.RingPayScripts.MockUser_Scripts"/>
  <system-out/>
  <testcase name="afterResetPin_getPinDetails" time="2.564" classname="com.RingPayScripts.MockUser_Scripts"/>
  <system-out/>
  <testcase name="bnplLines" time="3.059" classname="com.RingPayScripts.MockUser_Scripts"/>
  <system-out/>
  <testcase name="paymentOption" time="19.760" classname="com.RingPayScripts.MockUser_Scripts"/>
  <system-out/>
  <testcase name="transaction_Initiate" time="25.196" classname="com.RingPayScripts.MockUser_Scripts"/>
  <system-out/>
  <testcase name="transactionComplete" time="4.608" classname="com.RingPayScripts.MockUser_Scripts"/>
  <system-out/>
  <testcase name="homeScreenForCurrentSpends" time="3.214" classname="com.RingPayScripts.MockUser_Scripts"/>
  <system-out/>
  <testcase name="paymentValidate" time="1.837" classname="com.RingPayScripts.MockUser_Scripts"/>
  <system-out/>
  <testcase name="notifyPaymentDone" time="2.140" classname="com.RingPayScripts.MockUser_Scripts"/>
  <system-out/>
  <testcase name="getSettlementStatus" time="5.640" classname="com.RingPayScripts.MockUser_Scripts"/>
  <system-out/>
</testsuite> <!-- com.RingPayScripts.MockUser_Scripts -->
