<?xml version="1.0" encoding="UTF-8"?>
<!-- Generated by org.testng.reporters.JUnitReportReporter -->
<testsuite skipped="0" hostname="DESKTOP-077G3EM" name="com.RingPayScripts.PlayStore_Segment1_Scripts" tests="1" failures="0" timestamp="2023-01-16T14:26:33 IST" time="231.444" errors="0">
  <testcase name="PlayStore_Journey_Segment1" time="231.444" classname="com.RingPayScripts.PlayStore_Segment1_Scripts"/>
  <system-out/>
</testsuite> <!-- com.RingPayScripts.PlayStore_Segment1_Scripts -->
