<?xml version="1.0" encoding="UTF-8"?>
<!-- Generated by org.testng.reporters.JUnitReportReporter -->
<testsuite skipped="0" hostname="DESKTOP-077G3EM" name="com.RingPayScripts.RingPolicy_BC2_Scripts" tests="1" failures="0" timestamp="2023-01-18T10:50:00 IST" time="324.916" errors="0">
  <testcase name="RingPolicy_BC2_TestCase" time="324.916" classname="com.RingPayScripts.RingPolicy_BC2_Scripts"/>
  <system-out/>
</testsuite> <!-- com.RingPayScripts.RingPolicy_BC2_Scripts -->
