<?xml version="1.0" encoding="UTF-8"?>
<!-- Generated by org.testng.reporters.JUnitReportReporter -->
<testsuite skipped="0" hostname="DESKTOP-077G3EM" name="com.RingPayScripts.RingPolicy_L3_Scripts" tests="1" failures="0" timestamp="2023-02-03T16:53:40 IST" time="188.221" errors="0">
  <testcase name="Ringpolicy_L3_TestCase" time="188.221" classname="com.RingPayScripts.RingPolicy_L3_Scripts"/>
  <system-out/>
</testsuite> <!-- com.RingPayScripts.RingPolicy_L3_Scripts -->
