<?xml version="1.0" encoding="UTF-8"?>
<!-- Generated by org.testng.reporters.JUnitReportReporter -->
<testsuite skipped="0" hostname="DESKTOP-077G3EM" name="com.RingPayScripts.RingPolicy_BC1_Scripts" tests="20" failures="0" timestamp="2022-12-21T13:09:12 IST" time="519.409" errors="0">
  <testcase name="userDetailsAPI" time="7.458" classname="com.RingPayScripts.RingPolicy_BC1_Scripts"/>
  <system-out/>
  <testcase name="onloadAndroidVersionCheckAPI" time="1.535" classname="com.RingPayScripts.RingPolicy_BC1_Scripts"/>
  <system-out/>
  <testcase name="getVPADetails" time="1.641" classname="com.RingPayScripts.RingPolicy_BC1_Scripts"/>
  <system-out/>
  <testcase name="sendOtp_Positive" time="9.643" classname="com.RingPayScripts.RingPolicy_BC1_Scripts"/>
  <system-out/>
  <testcase name="userToken" time="14.475" classname="com.RingPayScripts.RingPolicy_BC1_Scripts"/>
  <system-out/>
  <testcase name="loginUser" time="6.576" classname="com.RingPayScripts.RingPolicy_BC1_Scripts"/>
  <system-out/>
  <testcase name="RegularOffer_BC1" time="6.552" classname="com.RingPayScripts.RingPolicy_BC1_Scripts"/>
  <system-out/>
  <testcase name="registeruser" time="6.188" classname="com.RingPayScripts.RingPolicy_BC1_Scripts"/>
  <system-out/>
  <testcase name="updateUserDetils_200" time="125.279" classname="com.RingPayScripts.RingPolicy_BC1_Scripts"/>
  <system-out/>
  <testcase name="locationRequire" time="5.675" classname="com.RingPayScripts.RingPolicy_BC1_Scripts"/>
  <system-out/>
  <testcase name="getUserDetails_Positive" time="6.775" classname="com.RingPayScripts.RingPolicy_BC1_Scripts"/>
  <system-out/>
  <testcase name="user_onboarding_200" time="66.472" classname="com.RingPayScripts.RingPolicy_BC1_Scripts"/>
  <system-out/>
  <testcase name="create_bnpl_transaction" time="41.950" classname="com.RingPayScripts.RingPolicy_BC1_Scripts"/>
  <system-out/>
  <testcase name="update_user_status_200" time="38.549" classname="com.RingPayScripts.RingPolicy_BC1_Scripts"/>
  <system-out/>
  <testcase name="check_Application_Eligibility" time="75.984" classname="com.RingPayScripts.RingPolicy_BC1_Scripts"/>
  <system-out/>
  <testcase name="add_addressAPI" time="44.402" classname="com.RingPayScripts.RingPolicy_BC1_Scripts"/>
  <system-out/>
  <testcase name="get_Offer_Details" time="13.885" classname="com.RingPayScripts.RingPolicy_BC1_Scripts"/>
  <system-out/>
  <testcase name="accept_Offer" time="14.010" classname="com.RingPayScripts.RingPolicy_BC1_Scripts"/>
  <system-out/>
  <testcase name="offerDetailsScreen_CheckApplicationEligibility" time="19.573" classname="com.RingPayScripts.RingPolicy_BC1_Scripts"/>
  <system-out/>
  <testcase name="RegularOffer_BC1_DataBase" time="12.787" classname="com.RingPayScripts.RingPolicy_BC1_Scripts"/>
  <system-out/>
</testsuite> <!-- com.RingPayScripts.RingPolicy_BC1_Scripts -->
