<?xml version="1.0" encoding="UTF-8"?>
<!-- Generated by org.testng.reporters.JUnitReportReporter -->
<testsuite skipped="0" hostname="DESKTOP-077G3EM" name="com.RingPayScripts.MerchantQRCode_Scripts" tests="30" failures="0" timestamp="2022-12-23T15:49:38 IST" time="676.825" errors="0">
  <testcase name="userDetailsAPI" time="9.054" classname="com.RingPayScripts.MerchantQRCode_Scripts"/>
  <system-out/>
  <testcase name="onloadAndroidVersionCheckAPI" time="1.662" classname="com.RingPayScripts.MerchantQRCode_Scripts"/>
  <system-out/>
  <testcase name="getVPADetails" time="1.806" classname="com.RingPayScripts.MerchantQRCode_Scripts"/>
  <system-out/>
  <testcase name="sendOtp_Positive" time="8.549" classname="com.RingPayScripts.MerchantQRCode_Scripts"/>
  <system-out/>
  <testcase name="userToken" time="14.618" classname="com.RingPayScripts.MerchantQRCode_Scripts"/>
  <system-out/>
  <testcase name="loginUser" time="7.313" classname="com.RingPayScripts.MerchantQRCode_Scripts"/>
  <system-out/>
  <testcase name="registeruser" time="6.460" classname="com.RingPayScripts.MerchantQRCode_Scripts"/>
  <system-out/>
  <testcase name="updateUserDetils_200" time="120.864" classname="com.RingPayScripts.MerchantQRCode_Scripts"/>
  <system-out/>
  <testcase name="locationRequire" time="5.906" classname="com.RingPayScripts.MerchantQRCode_Scripts"/>
  <system-out/>
  <testcase name="getUserDetails_Positive" time="5.576" classname="com.RingPayScripts.MerchantQRCode_Scripts"/>
  <system-out/>
  <testcase name="user_onboarding_200" time="61.474" classname="com.RingPayScripts.MerchantQRCode_Scripts"/>
  <system-out/>
  <testcase name="create_bnpl_transaction" time="40.512" classname="com.RingPayScripts.MerchantQRCode_Scripts"/>
  <system-out/>
  <testcase name="update_user_status_200" time="39.718" classname="com.RingPayScripts.MerchantQRCode_Scripts"/>
  <system-out/>
  <testcase name="check_Application_Eligibility" time="76.327" classname="com.RingPayScripts.MerchantQRCode_Scripts"/>
  <system-out/>
  <testcase name="add_addressAPI" time="45.535" classname="com.RingPayScripts.MerchantQRCode_Scripts"/>
  <system-out/>
  <testcase name="get_Offer_Details" time="13.948" classname="com.RingPayScripts.MerchantQRCode_Scripts"/>
  <system-out/>
  <testcase name="accept_Offer" time="13.641" classname="com.RingPayScripts.MerchantQRCode_Scripts"/>
  <system-out/>
  <testcase name="offerDetailsScreen_CheckApplicationEligibility" time="19.294" classname="com.RingPayScripts.MerchantQRCode_Scripts"/>
  <system-out/>
  <testcase name="getPinDetails" time="5.716" classname="com.RingPayScripts.MerchantQRCode_Scripts"/>
  <system-out/>
  <testcase name="sendOtpForPin" time="5.626" classname="com.RingPayScripts.MerchantQRCode_Scripts"/>
  <system-out/>
  <testcase name="setResetPin" time="11.728" classname="com.RingPayScripts.MerchantQRCode_Scripts"/>
  <system-out/>
  <testcase name="afterResetPin_getPinDetails" time="6.163" classname="com.RingPayScripts.MerchantQRCode_Scripts"/>
  <system-out/>
  <testcase name="bnplLines" time="12.116" classname="com.RingPayScripts.MerchantQRCode_Scripts"/>
  <system-out/>
  <testcase name="paymentOption" time="45.174" classname="com.RingPayScripts.MerchantQRCode_Scripts"/>
  <system-out/>
  <testcase name="transaction_Initiate" time="65.653" classname="com.RingPayScripts.MerchantQRCode_Scripts"/>
  <system-out/>
  <testcase name="transactionComplete" time="6.986" classname="com.RingPayScripts.MerchantQRCode_Scripts"/>
  <system-out/>
  <testcase name="homeScreenForCurrentSpends" time="6.268" classname="com.RingPayScripts.MerchantQRCode_Scripts"/>
  <system-out/>
  <testcase name="paymentValidate" time="5.024" classname="com.RingPayScripts.MerchantQRCode_Scripts"/>
  <system-out/>
  <testcase name="notifyPaymentDone" time="4.733" classname="com.RingPayScripts.MerchantQRCode_Scripts"/>
  <system-out/>
  <testcase name="getSettlementStatus" time="9.381" classname="com.RingPayScripts.MerchantQRCode_Scripts"/>
  <system-out/>
</testsuite> <!-- com.RingPayScripts.MerchantQRCode_Scripts -->
