<?xml version="1.0" encoding="UTF-8"?>
<!-- Generated by org.testng.reporters.JUnitReportReporter -->
<testsuite skipped="0" hostname="DESKTOP-077G3EM" name="com.RingPayScripts.RingPolicy_L1_Scripts" tests="4" failures="0" timestamp="2022-12-23T12:16:47 IST" time="24.789" errors="0">
  <testcase name="userDetailsAPI" time="11.832" classname="com.RingPayScripts.RingPolicy_L1_Scripts"/>
  <system-out/>
  <testcase name="onloadAndroidVersionCheckAPI" time="1.641" classname="com.RingPayScripts.RingPolicy_L1_Scripts"/>
  <system-out/>
  <testcase name="getVPADetails" time="2.018" classname="com.RingPayScripts.RingPolicy_L1_Scripts"/>
  <system-out/>
  <testcase name="sendOtp_Positive" time="9.298" classname="com.RingPayScripts.RingPolicy_L1_Scripts"/>
  <system-out/>
</testsuite> <!-- com.RingPayScripts.RingPolicy_L1_Scripts -->
