<?xml version="1.0" encoding="UTF-8"?>
<!-- Generated by org.testng.reporters.JUnitReportReporter -->
<testsuite skipped="0" hostname="DESKTOP-077G3EM" name="com.RingPayScripts.PlayStore_Scripts" tests="1" failures="0" timestamp="2023-02-03T16:53:40 IST" time="253.578" errors="0">
  <testcase name="PlayStore_Journey" time="253.578" classname="com.RingPayScripts.PlayStore_Scripts"/>
  <system-out/>
</testsuite> <!-- com.RingPayScripts.PlayStore_Scripts -->
