<?xml version="1.0" encoding="UTF-8"?>
<!-- Generated by org.testng.reporters.JUnitReportReporter -->
<testsuite skipped="0" hostname="DESKTOP-077G3EM" name="com.RingPayScripts.RingPolicy_BC1_Scripts" tests="1" failures="0" timestamp="2023-01-06T18:07:22 IST" time="458.186" errors="0">
  <testcase name="RingPolicy_BC1" time="458.186" classname="com.RingPayScripts.RingPolicy_BC1_Scripts"/>
  <system-out/>
</testsuite> <!-- com.RingPayScripts.RingPolicy_BC1_Scripts -->
