<?xml version="1.0" encoding="UTF-8"?>
<!-- Generated by org.testng.reporters.JUnitReportReporter -->
<testsuite hostname="DESKTOP-077G3EM" failures="0" tests="6" name="com.RingPayScripts.PromoCode_Scripts" time="16.557" errors="0" timestamp="2022-12-06T13:16:42 IST" skipped="0">
  <testcase classname="com.RingPayScripts.PromoCode_Scripts" name="userDetailsAPI" time="5.909"/>
  <system-out/>
  <testcase classname="com.RingPayScripts.PromoCode_Scripts" name="onloadAndroidVersionCheckAPI" time="0.325"/>
  <system-out/>
  <testcase classname="com.RingPayScripts.PromoCode_Scripts" name="getVPADetails" time="0.622"/>
  <system-out/>
  <testcase classname="com.RingPayScripts.PromoCode_Scripts" name="sendOtp_Positive" time="1.782"/>
  <system-out/>
  <testcase classname="com.RingPayScripts.PromoCode_Scripts" name="userToken" time="5.638"/>
  <system-out/>
  <testcase classname="com.RingPayScripts.PromoCode_Scripts" name="promoCode" time="2.281"/>
  <system-out/>
</testsuite> <!-- com.RingPayScripts.PromoCode_Scripts -->
