<?xml version="1.0" encoding="UTF-8"?>
<!-- Generated by org.testng.reporters.JUnitReportReporter -->
<testsuite skipped="0" hostname="DESKTOP-077G3EM" name="com.RingPayScripts.MerchantQRCode_Segment1_Scripts" tests="10" failures="0" timestamp="2022-12-26T16:19:12 IST" time="181.818" errors="0">
  <testcase name="userDetailsAPI" time="8.297" classname="com.RingPayScripts.MerchantQRCode_Segment1_Scripts"/>
  <system-out/>
  <testcase name="onloadAndroidVersionCheckAPI" time="1.426" classname="com.RingPayScripts.MerchantQRCode_Segment1_Scripts"/>
  <system-out/>
  <testcase name="getVPADetails" time="1.828" classname="com.RingPayScripts.MerchantQRCode_Segment1_Scripts"/>
  <system-out/>
  <testcase name="sendOtp_Positive" time="8.559" classname="com.RingPayScripts.MerchantQRCode_Segment1_Scripts"/>
  <system-out/>
  <testcase name="userAuthenticate" time="15.308" classname="com.RingPayScripts.MerchantQRCode_Segment1_Scripts"/>
  <system-out/>
  <testcase name="loginUser" time="6.908" classname="com.RingPayScripts.MerchantQRCode_Segment1_Scripts"/>
  <system-out/>
  <testcase name="RingPolicy" time="6.908" classname="com.RingPayScripts.MerchantQRCode_Segment1_Scripts"/>
  <system-out/>
  <testcase name="registeruser" time="6.160" classname="com.RingPayScripts.MerchantQRCode_Segment1_Scripts"/>
  <system-out/>
  <testcase name="basicDetils" time="120.752" classname="com.RingPayScripts.MerchantQRCode_Segment1_Scripts"/>
  <system-out/>
  <testcase name="locationRequire" time="5.672" classname="com.RingPayScripts.MerchantQRCode_Segment1_Scripts"/>
  <system-out/>
</testsuite> <!-- com.RingPayScripts.MerchantQRCode_Segment1_Scripts -->
