<?xml version="1.0" encoding="UTF-8"?>
<!-- Generated by org.testng.reporters.JUnitReportReporter -->
<testsuite skipped="0" hostname="DESKTOP-077G3EM" name="com.RingPayScripts.MerchantQRCode_and_PromoCode_Scripts_Segment1" tests="2" failures="0" timestamp="2023-02-03T16:53:40 IST" time="501.198" errors="0">
  <testcase name="MerChantQRCodeJourney_Segment1" time="251.308" classname="com.RingPayScripts.MerchantQRCode_and_PromoCode_Scripts_Segment1"/>
  <system-out/>
  <testcase name="PromoCode_Journey_Segment1" time="249.890" classname="com.RingPayScripts.MerchantQRCode_and_PromoCode_Scripts_Segment1"/>
  <system-out/>
</testsuite> <!-- com.RingPayScripts.MerchantQRCode_and_PromoCode_Scripts_Segment1 -->
