<?xml version="1.0" encoding="UTF-8"?>
<!-- Generated by org.testng.reporters.JUnitReportReporter -->
<testsuite skipped="0" hostname="DESKTOP-077G3EM" name="com.RingPayScripts.MockUser_Scripts" tests="30" failures="0" timestamp="2022-12-14T17:41:20 IST" time="401.876" errors="0">
  <testcase name="userDetailsAPI" time="6.970" classname="com.RingPayScripts.MockUser_Scripts"/>
  <system-out/>
  <testcase name="onloadAndroidVersionCheckAPI" time="0.513" classname="com.RingPayScripts.MockUser_Scripts"/>
  <system-out/>
  <testcase name="getVPADetails" time="0.699" classname="com.RingPayScripts.MockUser_Scripts"/>
  <system-out/>
  <testcase name="sendOtp_Positive" time="4.093" classname="com.RingPayScripts.MockUser_Scripts"/>
  <system-out/>
  <testcase name="userToken" time="6.159" classname="com.RingPayScripts.MockUser_Scripts"/>
  <system-out/>
  <testcase name="updateUserDetils_200" time="61.118" classname="com.RingPayScripts.MockUser_Scripts"/>
  <system-out/>
  <testcase name="loginUser" time="2.841" classname="com.RingPayScripts.MockUser_Scripts"/>
  <system-out/>
  <testcase name="registeruser" time="3.043" classname="com.RingPayScripts.MockUser_Scripts"/>
  <system-out/>
  <testcase name="locationRequire" time="2.508" classname="com.RingPayScripts.MockUser_Scripts"/>
  <system-out/>
  <testcase name="getUserDetails_Positive" time="2.673" classname="com.RingPayScripts.MockUser_Scripts"/>
  <system-out/>
  <testcase name="user_onboarding_200" time="34.610" classname="com.RingPayScripts.MockUser_Scripts"/>
  <system-out/>
  <testcase name="create_bnpl_transaction" time="25.957" classname="com.RingPayScripts.MockUser_Scripts"/>
  <system-out/>
  <testcase name="update_user_status_200" time="35.350" classname="com.RingPayScripts.MockUser_Scripts"/>
  <system-out/>
  <testcase name="check_Application_Eligibility" time="57.342" classname="com.RingPayScripts.MockUser_Scripts"/>
  <system-out/>
  <testcase name="add_addressAPI" time="20.702" classname="com.RingPayScripts.MockUser_Scripts"/>
  <system-out/>
  <testcase name="get_Offer_Details" time="9.885" classname="com.RingPayScripts.MockUser_Scripts"/>
  <system-out/>
  <testcase name="accept_Offer" time="10.966" classname="com.RingPayScripts.MockUser_Scripts"/>
  <system-out/>
  <testcase name="offerDetailsScreen_CheckApplicationEligibility" time="15.352" classname="com.RingPayScripts.MockUser_Scripts"/>
  <system-out/>
  <testcase name="getPinDetails" time="2.905" classname="com.RingPayScripts.MockUser_Scripts"/>
  <system-out/>
  <testcase name="sendOtpForPin" time="2.952" classname="com.RingPayScripts.MockUser_Scripts"/>
  <system-out/>
  <testcase name="setResetPin" time="6.077" classname="com.RingPayScripts.MockUser_Scripts"/>
  <system-out/>
  <testcase name="afterResetPin_getPinDetails" time="2.755" classname="com.RingPayScripts.MockUser_Scripts"/>
  <system-out/>
  <testcase name="bnplLines" time="8.878" classname="com.RingPayScripts.MockUser_Scripts"/>
  <system-out/>
  <testcase name="paymentOption" time="25.258" classname="com.RingPayScripts.MockUser_Scripts"/>
  <system-out/>
  <testcase name="transaction_Initiate" time="32.486" classname="com.RingPayScripts.MockUser_Scripts"/>
  <system-out/>
  <testcase name="transactionComplete" time="5.572" classname="com.RingPayScripts.MockUser_Scripts"/>
  <system-out/>
  <testcase name="homeScreenForCurrentSpends" time="3.728" classname="com.RingPayScripts.MockUser_Scripts"/>
  <system-out/>
  <testcase name="paymentValidate" time="2.226" classname="com.RingPayScripts.MockUser_Scripts"/>
  <system-out/>
  <testcase name="notifyPaymentDone" time="2.737" classname="com.RingPayScripts.MockUser_Scripts"/>
  <system-out/>
  <testcase name="getSettlementStatus" time="5.521" classname="com.RingPayScripts.MockUser_Scripts"/>
  <system-out/>
</testsuite> <!-- com.RingPayScripts.MockUser_Scripts -->
