<?xml version="1.0" encoding="UTF-8"?>
<!-- Generated by org.testng.reporters.JUnitReportReporter -->
<testsuite skipped="0" hostname="DESKTOP-077G3EM" name="com.RingPayScripts.MockUser_Scripts" tests="5" failures="0" timestamp="2022-12-06T12:04:21 IST" time="14.284" errors="0">
  <testcase name="userDetailsAPI" time="5.844" classname="com.RingPayScripts.MockUser_Scripts"/>
  <system-out/>
  <testcase name="onloadAndroidVersionCheckAPI" time="0.365" classname="com.RingPayScripts.MockUser_Scripts"/>
  <system-out/>
  <testcase name="getVPADetails" time="0.611" classname="com.RingPayScripts.MockUser_Scripts"/>
  <system-out/>
  <testcase name="sendOtp_Positive" time="1.677" classname="com.RingPayScripts.MockUser_Scripts"/>
  <system-out/>
  <testcase name="userToken" time="5.787" classname="com.RingPayScripts.MockUser_Scripts"/>
  <system-out/>
</testsuite> <!-- com.RingPayScripts.MockUser_Scripts -->
