<?xml version="1.0" encoding="UTF-8"?>
<!-- Generated by org.testng.reporters.JUnitReportReporter -->
<testsuite skipped="0" hostname="DESKTOP-077G3EM" name="com.RingPayScripts.MockUser_Scripts" tests="8" failures="0" timestamp="2022-11-22T11:50:44 IST" time="145.957" errors="1">
  <testcase name="userDetailsAPI" time="7.932" classname="com.RingPayScripts.MockUser_Scripts">
    <error type="java.lang.NullPointerException">
      <![CDATA[java.lang.NullPointerException
at com.utility.ExtentReporter.setScreenshotSource(ExtentReporter.java:466)
at com.utility.ExtentReporter.screencapture(ExtentReporter.java:302)
at com.utility.ExtentReporter.extentLoggerFail(ExtentReporter.java:270)
at com.utility.Validation.assertSchemaValidation(Validation.java:29)
at com.business.RingPay_MerchantQRCode_Journey.RegisterUser_Mock_User.mock_User_200(RegisterUser_Mock_User.java:40)
at com.RingPayScripts.MockUser_Scripts.userDetailsAPI(MockUser_Scripts.java:37)
at sun.reflect.NativeMethodAccessorImpl.invoke0(Native Method)
at sun.reflect.NativeMethodAccessorImpl.invoke(NativeMethodAccessorImpl.java:62)
at sun.reflect.DelegatingMethodAccessorImpl.invoke(DelegatingMethodAccessorImpl.java:43)
at java.lang.reflect.Method.invoke(Method.java:498)
at org.testng.internal.MethodInvocationHelper.invokeMethod(MethodInvocationHelper.java:134)
at org.testng.internal.TestInvoker.invokeMethod(TestInvoker.java:597)
at org.testng.internal.TestInvoker.invokeTestMethod(TestInvoker.java:173)
at org.testng.internal.MethodRunner.runInSequence(MethodRunner.java:46)
at org.testng.internal.TestInvoker$MethodInvocationAgent.invoke(TestInvoker.java:816)
at org.testng.internal.TestInvoker.invokeTestMethods(TestInvoker.java:146)
at org.testng.internal.TestMethodWorker.invokeTestMethods(TestMethodWorker.java:146)
at org.testng.internal.TestMethodWorker.run(TestMethodWorker.java:128)
at java.util.ArrayList.forEach(ArrayList.java:1257)
at org.testng.TestRunner.privateRun(TestRunner.java:766)
at org.testng.TestRunner.run(TestRunner.java:587)
at org.testng.SuiteRunner.runTest(SuiteRunner.java:384)
at org.testng.SuiteRunner.runSequentially(SuiteRunner.java:378)
at org.testng.SuiteRunner.privateRun(SuiteRunner.java:337)
at org.testng.SuiteRunner.run(SuiteRunner.java:286)
at org.testng.SuiteRunnerWorker.runSuite(SuiteRunnerWorker.java:53)
at org.testng.SuiteRunnerWorker.run(SuiteRunnerWorker.java:96)
at org.testng.TestNG.runSuitesSequentially(TestNG.java:1187)
at org.testng.TestNG.runSuitesLocally(TestNG.java:1109)
at org.testng.TestNG.runSuites(TestNG.java:1039)
at org.testng.TestNG.run(TestNG.java:1007)
at org.apache.maven.surefire.testng.TestNGExecutor.run(TestNGExecutor.java:283)
at org.apache.maven.surefire.testng.TestNGXmlTestSuite.execute(TestNGXmlTestSuite.java:75)
at org.apache.maven.surefire.testng.TestNGProvider.invoke(TestNGProvider.java:120)
at org.apache.maven.surefire.booter.ForkedBooter.invokeProviderInSameClassLoader(ForkedBooter.java:386)
at org.apache.maven.surefire.booter.ForkedBooter.runSuitesInProcess(ForkedBooter.java:323)
at org.apache.maven.surefire.booter.ForkedBooter.main(ForkedBooter.java:143)
]]>
    </error>
  </testcase> <!-- userDetailsAPI -->
  <system-out/>
  <testcase name="onloadAndroidVersionCheckAPI" time="1.756" classname="com.RingPayScripts.MockUser_Scripts"/>
  <system-out/>
  <testcase name="getVPADetails" time="1.398" classname="com.RingPayScripts.MockUser_Scripts"/>
  <system-out/>
  <testcase name="sendOtp_Positive" time="4.360" classname="com.RingPayScripts.MockUser_Scripts"/>
  <system-out/>
  <testcase name="userToken" time="13.591" classname="com.RingPayScripts.MockUser_Scripts"/>
  <system-out/>
  <testcase name="updateUserDetils_200" time="104.483" classname="com.RingPayScripts.MockUser_Scripts"/>
  <system-out/>
  <testcase name="loginUser" time="7.293" classname="com.RingPayScripts.MockUser_Scripts"/>
  <system-out/>
  <testcase name="registeruser" time="5.144" classname="com.RingPayScripts.MockUser_Scripts"/>
  <system-out/>
</testsuite> <!-- com.RingPayScripts.MockUser_Scripts -->
